2023-07-28 11:15:13,712 [INFO] Activator:176 - 


2023-07-28 11:15:13,718 [INFO] Activator:177 - !SESSION log4j initialized
2023-07-28 11:15:25,925 [INFO] LogOutputStream:77 - [STDOUT_REDIRECT] 
2023-07-28 11:15:52,639 [ERROR] LogOutputStream:75 - [STDERR_REDIRECT] SLF4J: Failed to load class "org.slf4j.impl.StaticLoggerBinder".
2023-07-28 11:15:52,640 [ERROR] LogOutputStream:75 - [STDERR_REDIRECT] SLF4J: Defaulting to no-operation (NOP) logger implementation
2023-07-28 11:15:52,641 [ERROR] LogOutputStream:75 - [STDERR_REDIRECT] SLF4J: See http://www.slf4j.org/codes.html#StaticLoggerBinder for further details.
2023-07-28 11:25:00,634 [INFO] Activator:176 - 


2023-07-28 11:25:00,636 [INFO] Activator:177 - !SESSION log4j initialized
2023-07-28 11:25:05,880 [INFO] LogOutputStream:77 - [STDOUT_REDIRECT] 
2023-07-28 11:25:31,616 [ERROR] LogOutputStream:75 - [STDERR_REDIRECT] SLF4J: Failed to load class "org.slf4j.impl.StaticLoggerBinder".
2023-07-28 11:25:31,617 [ERROR] LogOutputStream:75 - [STDERR_REDIRECT] SLF4J: Defaulting to no-operation (NOP) logger implementation
2023-07-28 11:25:31,619 [ERROR] LogOutputStream:75 - [STDERR_REDIRECT] SLF4J: See http://www.slf4j.org/codes.html#StaticLoggerBinder for further details.
2023-07-28 11:43:50,128 [INFO] Activator:176 - 


2023-07-28 11:43:50,131 [INFO] Activator:177 - !SESSION log4j initialized
2023-07-28 11:43:55,563 [INFO] LogOutputStream:77 - [STDOUT_REDIRECT] 
2023-07-28 11:44:21,401 [ERROR] LogOutputStream:75 - [STDERR_REDIRECT] SLF4J: Failed to load class "org.slf4j.impl.StaticLoggerBinder".
2023-07-28 11:44:21,401 [ERROR] LogOutputStream:75 - [STDERR_REDIRECT] SLF4J: Defaulting to no-operation (NOP) logger implementation
2023-07-28 11:44:21,403 [ERROR] LogOutputStream:75 - [STDERR_REDIRECT] SLF4J: See http://www.slf4j.org/codes.html#StaticLoggerBinder for further details.
2023-07-28 11:52:57,149 [INFO] Activator:176 - 


2023-07-28 11:52:57,153 [INFO] Activator:177 - !SESSION log4j initialized
2023-07-28 11:53:03,953 [INFO] LogOutputStream:77 - [STDOUT_REDIRECT] 
2023-07-28 11:53:30,124 [ERROR] LogOutputStream:75 - [STDERR_REDIRECT] SLF4J: Failed to load class "org.slf4j.impl.StaticLoggerBinder".
2023-07-28 11:53:30,125 [ERROR] LogOutputStream:75 - [STDERR_REDIRECT] SLF4J: Defaulting to no-operation (NOP) logger implementation
2023-07-28 11:53:30,126 [ERROR] LogOutputStream:75 - [STDERR_REDIRECT] SLF4J: See http://www.slf4j.org/codes.html#StaticLoggerBinder for further details.
2023-07-28 11:57:02,473 [INFO] Activator:176 - 


2023-07-28 11:57:02,476 [INFO] Activator:177 - !SESSION log4j initialized
2023-07-28 11:57:09,061 [INFO] LogOutputStream:77 - [STDOUT_REDIRECT] 
2023-07-28 11:57:34,933 [ERROR] LogOutputStream:75 - [STDERR_REDIRECT] SLF4J: Failed to load class "org.slf4j.impl.StaticLoggerBinder".
2023-07-28 11:57:34,933 [ERROR] LogOutputStream:75 - [STDERR_REDIRECT] SLF4J: Defaulting to no-operation (NOP) logger implementation
2023-07-28 11:57:34,935 [ERROR] LogOutputStream:75 - [STDERR_REDIRECT] SLF4J: See http://www.slf4j.org/codes.html#StaticLoggerBinder for further details.
2023-07-28 16:37:45,607 [INFO] Activator:176 - 


2023-07-28 16:37:45,609 [INFO] Activator:177 - !SESSION log4j initialized
2023-07-28 16:37:54,093 [INFO] LogOutputStream:77 - [STDOUT_REDIRECT] 
2023-07-28 16:38:20,333 [ERROR] LogOutputStream:75 - [STDERR_REDIRECT] SLF4J: Failed to load class "org.slf4j.impl.StaticLoggerBinder".
2023-07-28 16:38:20,334 [ERROR] LogOutputStream:75 - [STDERR_REDIRECT] SLF4J: Defaulting to no-operation (NOP) logger implementation
2023-07-28 16:38:20,335 [ERROR] LogOutputStream:75 - [STDERR_REDIRECT] SLF4J: See http://www.slf4j.org/codes.html#StaticLoggerBinder for further details.
2023-07-28 16:42:24,439 [INFO] ApplicationProperties:184 - Using Application install path: C:\ST\STM32CubeIDE_1.12.1\STM32CubeIDE\plugins\com.st.stm32cube.common.mx_6.8.1.202304191431
2023-07-28 16:42:24,465 [INFO] DbMcusXml:78 - Set database path to: C:\ST\STM32CubeIDE_1.12.1\STM32CubeIDE\plugins\com.st.stm32cube.common.mx_6.8.1.202304191431\\db\/mcu/
2023-07-28 16:42:24,465 [INFO] ApiDb:274 - Set plugin database path to: C:\ST\STM32CubeIDE_1.12.1\STM32CubeIDE\plugins\com.st.stm32cube.common.mx_6.8.1.202304191431\\db\/plugins/boardmanager/
2023-07-28 16:42:24,468 [WARN] ApiDb:259 - Overriding images path with different value:  => C:\ST\STM32CubeIDE_1.12.1\STM32CubeIDE\plugins\com.st.stm32cube.common.mx_6.8.1.202304191431\\db\/plugins/mcufinder/images/
2023-07-28 16:42:24,487 [INFO] ApiDb:250 - Set database path to: C:\Users\MFIBADEK\.stmcufinder\plugins\mcufinder//mcu/
2023-07-28 16:42:24,489 [INFO] DbMcusAds:125 - Set database path to: C:\Users\MFIBADEK\.stmcufinder\plugins\mcufinder//mcu/
2023-07-28 16:42:24,520 [INFO] CrossReferenceDbSqlite:203 - Set database path to: C:\Users\MFIBADEK\.stmcufinder\plugins\mcufinder//mcu/cs/
2023-07-28 16:42:24,652 [INFO] RulesReader:64 - Compatibility file has been processed (293 Rules)
2023-07-28 16:42:24,852 [INFO] DbMcusXml:78 - Set database path to: C:\ST\STM32CubeIDE_1.12.1\STM32CubeIDE\plugins\com.st.stm32cube.common.mx_6.8.1.202304191431\\db\/mcu/
2023-07-28 16:42:24,852 [INFO] ApiDb:274 - Set plugin database path to: C:\ST\STM32CubeIDE_1.12.1\STM32CubeIDE\plugins\com.st.stm32cube.common.mx_6.8.1.202304191431\\db\/plugins/boardmanager/
2023-07-28 16:42:24,852 [INFO] ApiDb:261 - Set plugin images path to: C:\ST\STM32CubeIDE_1.12.1\STM32CubeIDE\plugins\com.st.stm32cube.common.mx_6.8.1.202304191431\\db\/plugins/mcufinder/images/
2023-07-28 16:42:24,853 [WARN] DbFile:41 - Overriding database path with different value: C:\Users\MFIBADEK\.stmcufinder\plugins\mcufinder/ => C:\Users\MFIBADEK\.stmcufinder\plugins\mcufinder
2023-07-28 16:42:24,853 [INFO] ApiDb:250 - Set database path to: C:\Users\MFIBADEK\.stmcufinder\plugins\mcufinder//mcu/
2023-07-28 16:42:24,853 [WARN] DbFile:41 - Overriding database path with different value: C:\Users\MFIBADEK\.stmcufinder\plugins\mcufinder/ => C:\Users\MFIBADEK\.stmcufinder\plugins\mcufinder
2023-07-28 16:42:24,854 [INFO] DbMcusAds:125 - Set database path to: C:\Users\MFIBADEK\.stmcufinder\plugins\mcufinder//mcu/
2023-07-28 16:42:24,854 [WARN] DbFile:41 - Overriding database path with different value: C:\Users\MFIBADEK\.stmcufinder\plugins\mcufinder/ => C:\Users\MFIBADEK\.stmcufinder\plugins\mcufinder
2023-07-28 16:42:24,854 [WARN] DbFile:41 - Overriding database path with different value: C:\Users\MFIBADEK\.stmcufinder\plugins\mcufinder/ => C:\Users\MFIBADEK\.stmcufinder\plugins\mcufinder
2023-07-28 16:42:24,854 [INFO] CrossReferenceDbSqlite:203 - Set database path to: C:\Users\MFIBADEK\.stmcufinder\plugins\mcufinder//mcu/cs/
2023-07-28 16:42:24,952 [INFO] MainPanel:253 - HeapMemory: 503316480
2023-07-28 16:42:25,078 [INFO] DbMcusXml:78 - Set database path to: C:\ST\STM32CubeIDE_1.12.1\STM32CubeIDE\plugins\com.st.stm32cube.common.mx_6.8.1.202304191431\\db\/mcu/
2023-07-28 16:42:25,079 [INFO] ApiDb:274 - Set plugin database path to: C:\ST\STM32CubeIDE_1.12.1\STM32CubeIDE\plugins\com.st.stm32cube.common.mx_6.8.1.202304191431\\db\/plugins/boardmanager/
2023-07-28 16:42:25,079 [INFO] ApiDb:261 - Set plugin images path to: C:\ST\STM32CubeIDE_1.12.1\STM32CubeIDE\plugins\com.st.stm32cube.common.mx_6.8.1.202304191431\\db\/plugins/mcufinder/images/
2023-07-28 16:42:25,080 [WARN] DbFile:41 - Overriding database path with different value: C:\Users\MFIBADEK\.stmcufinder\plugins\mcufinder/ => C:\Users\MFIBADEK\.stmcufinder\plugins\mcufinder
2023-07-28 16:42:25,080 [INFO] ApiDb:250 - Set database path to: C:\Users\MFIBADEK\.stmcufinder\plugins\mcufinder//mcu/
2023-07-28 16:42:25,080 [WARN] DbFile:41 - Overriding database path with different value: C:\Users\MFIBADEK\.stmcufinder\plugins\mcufinder/ => C:\Users\MFIBADEK\.stmcufinder\plugins\mcufinder
2023-07-28 16:42:25,080 [INFO] DbMcusAds:125 - Set database path to: C:\Users\MFIBADEK\.stmcufinder\plugins\mcufinder//mcu/
2023-07-28 16:42:25,080 [WARN] DbFile:41 - Overriding database path with different value: C:\Users\MFIBADEK\.stmcufinder\plugins\mcufinder/ => C:\Users\MFIBADEK\.stmcufinder\plugins\mcufinder
2023-07-28 16:42:25,080 [WARN] DbFile:41 - Overriding database path with different value: C:\Users\MFIBADEK\.stmcufinder\plugins\mcufinder/ => C:\Users\MFIBADEK\.stmcufinder\plugins\mcufinder
2023-07-28 16:42:25,081 [INFO] CrossReferenceDbSqlite:203 - Set database path to: C:\Users\MFIBADEK\.stmcufinder\plugins\mcufinder//mcu/cs/
2023-07-28 16:42:25,103 [INFO] ApplicationProperties:184 - Using Application install path: C:\ST\STM32CubeIDE_1.12.1\STM32CubeIDE\plugins\com.st.stm32cube.common.mx_6.8.1.202304191431
2023-07-28 16:42:25,104 [INFO] PluginManage:196 - Search for loadable plugins [exclusion list=, ]
2023-07-28 16:42:25,106 [INFO] PluginManage:310 - Check plugin analytics
2023-07-28 16:42:29,899 [INFO] AnalyticsPlugin:253 - Accepted Software Licenses: 
2023-07-28 16:42:29,899 [INFO] AnalyticsPlugin:255 - Accepted CMSIS Pack Licenses: 
2023-07-28 16:42:29,899 [INFO] AnalyticsPlugin:257 - Accepted Firmware Licenses: FW.F4.1.27.0
2023-07-28 16:42:29,915 [INFO] PluginManage:359 - Loaded plugin analytics (category:tool,tabindex:-1)
2023-07-28 16:42:29,915 [INFO] PluginManage:310 - Check plugin cadmodel
2023-07-28 16:42:29,920 [INFO] CADModel:105 - Init CAD model plugin
2023-07-28 16:42:29,921 [INFO] PluginManage:359 - Loaded plugin cadmodel (category:power,tabindex:5)
2023-07-28 16:42:29,921 [INFO] PluginManage:310 - Check plugin clock
2023-07-28 16:42:29,933 [INFO] PluginManage:359 - Loaded plugin clock (category:base,tabindex:2)
2023-07-28 16:42:29,933 [INFO] PluginManage:310 - Check plugin ddr
2023-07-28 16:42:29,936 [INFO] PluginManage:359 - Loaded plugin ddr (category:tool,tabindex:6)
2023-07-28 16:42:29,936 [INFO] PluginManage:310 - Check plugin filemanager
2023-07-28 16:42:30,096 [INFO] PluginManage:359 - Loaded plugin filemanager (category:base,tabindex:10)
2023-07-28 16:42:30,096 [INFO] PluginManage:310 - Check plugin ipmanager
2023-07-28 16:42:30,105 [INFO] PluginManage:359 - Loaded plugin ipmanager (category:base,tabindex:5)
2023-07-28 16:42:30,105 [INFO] PluginManage:310 - Check plugin lpbam
2023-07-28 16:42:30,116 [INFO] PluginManage:359 - Loaded plugin lpbam (category:base,tabindex:0)
2023-07-28 16:42:30,116 [INFO] PluginManage:310 - Check plugin pinoutandconfiguration
2023-07-28 16:42:30,127 [INFO] PluginManage:359 - Loaded plugin pinoutandconfiguration (category:base,tabindex:1)
2023-07-28 16:42:30,127 [INFO] PluginManage:310 - Check plugin pinoutconfig
2023-07-28 16:42:30,218 [WARN] SupportedApi:132 - Cannot load RTOS API schema: s4s-elt-must-match.1: The content of 'definitions' must match (annotation?, (simpleType | complexType)?, (unique | key | keyref)*)). A problem was found starting at: attribute.
2023-07-28 16:42:30,401 [INFO] PluginManage:359 - Loaded plugin pinoutconfig (category:base,tabindex:0)
2023-07-28 16:42:30,401 [INFO] PluginManage:310 - Check plugin power
2023-07-28 16:42:30,418 [INFO] PluginManage:359 - Loaded plugin power (category:power,tabindex:4)
2023-07-28 16:42:30,418 [INFO] PluginManage:310 - Check plugin projectmanager
2023-07-28 16:42:30,439 [INFO] PluginManage:359 - Loaded plugin projectmanager (category:projectmanager,tabindex:3)
2023-07-28 16:42:30,439 [INFO] PluginManage:310 - Check plugin thirdparty
2023-07-28 16:42:30,603 [WARN] IntegrityCheckThread:84 - waiting for thirdparty lock release [integrity check]
2023-07-28 16:42:30,603 [INFO] PluginManage:359 - Loaded plugin thirdparty (category:base,tabindex:-1)
2023-07-28 16:42:30,603 [INFO] IntegrityCheckThread:86 - entering critical section [integrity check]
2023-07-28 16:42:30,604 [INFO] PluginManage:310 - Check plugin tools
2023-07-28 16:42:30,605 [INFO] ThirdPartyUpdaterWithRetryManager:70 - Updater plugin not ready yet. [1/15]
2023-07-28 16:42:30,609 [INFO] PluginManage:359 - Loaded plugin tools (category:base,tabindex:7)
2023-07-28 16:42:30,609 [INFO] PluginManage:310 - Check plugin tutovideos
2023-07-28 16:42:30,823 [INFO] PluginManage:359 - Loaded plugin tutovideos (category:base,tabindex:-1)
2023-07-28 16:42:30,823 [INFO] PluginManage:310 - Check plugin updater
2023-07-28 16:42:30,843 [INFO] PluginManage:359 - Loaded plugin updater (category:base,tabindex:12)
2023-07-28 16:42:30,843 [INFO] PluginManage:283 - PluginManage : Loaded plugins [15]
2023-07-28 16:42:31,184 [INFO] PinOutPanel:1499 - setPackage(No Configuration,No Configuration)
2023-07-28 16:42:31,268 [INFO] CADModel:165 - CPN selected for project level
2023-07-28 16:42:31,269 [INFO] CADModel:114 - Register for checkConnection events
2023-07-28 16:42:31,295 [INFO] IPUIPlugin:80 - create IPUIPlugin
2023-07-28 16:42:31,295 [INFO] PluginManager:220 - loadIPPluginJar : add adc
2023-07-28 16:42:31,300 [INFO] IPUIPlugin:80 - create IPUIPlugin
2023-07-28 16:42:31,300 [INFO] PluginManager:220 - loadIPPluginJar : add aes
2023-07-28 16:42:31,305 [INFO] IPUIPlugin:80 - create IPUIPlugin
2023-07-28 16:42:31,305 [INFO] PluginManager:220 - loadIPPluginJar : add can
2023-07-28 16:42:31,307 [INFO] IPUIPlugin:80 - create IPUIPlugin
2023-07-28 16:42:31,308 [INFO] PluginManager:220 - loadIPPluginJar : add comp
2023-07-28 16:42:31,337 [INFO] IPUIPlugin:80 - create IPUIPlugin
2023-07-28 16:42:31,337 [INFO] PluginManager:220 - loadIPPluginJar : add cryp
2023-07-28 16:42:31,341 [INFO] IPUIPlugin:80 - create IPUIPlugin
2023-07-28 16:42:31,341 [INFO] PluginManager:220 - loadIPPluginJar : add dfsdm
2023-07-28 16:42:31,350 [INFO] IPUIPlugin:80 - create IPUIPlugin
2023-07-28 16:42:31,350 [INFO] PluginManager:220 - loadIPPluginJar : add dma
2023-07-28 16:42:31,353 [INFO] IPUIPlugin:80 - create IPUIPlugin
2023-07-28 16:42:31,353 [INFO] PluginManager:220 - loadIPPluginJar : add dma3
2023-07-28 16:42:31,356 [INFO] IPUIPlugin:80 - create IPUIPlugin
2023-07-28 16:42:31,356 [INFO] PluginManager:220 - loadIPPluginJar : add fatfs
2023-07-28 16:42:31,362 [INFO] IPUIPlugin:80 - create IPUIPlugin
2023-07-28 16:42:31,362 [INFO] PluginManager:220 - loadIPPluginJar : add fmc
2023-07-28 16:42:31,370 [INFO] IPUIPlugin:80 - create IPUIPlugin
2023-07-28 16:42:31,371 [INFO] PluginManager:220 - loadIPPluginJar : add freertos
2023-07-28 16:42:31,373 [INFO] IPUIPlugin:80 - create IPUIPlugin
2023-07-28 16:42:31,374 [INFO] PluginManager:220 - loadIPPluginJar : add genericplugin
2023-07-28 16:42:31,377 [INFO] IPUIPlugin:80 - create IPUIPlugin
2023-07-28 16:42:31,377 [INFO] PluginManager:220 - loadIPPluginJar : add gfxmmu
2023-07-28 16:42:31,383 [INFO] IPUIPlugin:80 - create IPUIPlugin
2023-07-28 16:42:31,384 [INFO] PluginManager:220 - loadIPPluginJar : add gic
2023-07-28 16:42:31,389 [INFO] IPUIPlugin:80 - create IPUIPlugin
2023-07-28 16:42:31,389 [INFO] PluginManager:220 - loadIPPluginJar : add gpio
2023-07-28 16:42:31,393 [INFO] IPUIPlugin:80 - create IPUIPlugin
2023-07-28 16:42:31,394 [INFO] PluginManager:220 - loadIPPluginJar : add gtzc
2023-07-28 16:42:31,397 [INFO] IPUIPlugin:80 - create IPUIPlugin
2023-07-28 16:42:31,397 [INFO] PluginManager:220 - loadIPPluginJar : add hash
2023-07-28 16:42:31,401 [INFO] IPUIPlugin:80 - create IPUIPlugin
2023-07-28 16:42:31,401 [INFO] PluginManager:220 - loadIPPluginJar : add i2c
2023-07-28 16:42:31,405 [INFO] IPUIPlugin:80 - create IPUIPlugin
2023-07-28 16:42:31,406 [INFO] PluginManager:220 - loadIPPluginJar : add i2s
2023-07-28 16:42:31,408 [INFO] IPUIPlugin:80 - create IPUIPlugin
2023-07-28 16:42:31,408 [INFO] PluginManager:220 - loadIPPluginJar : add i3c
2023-07-28 16:42:31,413 [INFO] IPUIPlugin:80 - create IPUIPlugin
2023-07-28 16:42:31,413 [INFO] PluginManager:220 - loadIPPluginJar : add ipddr
2023-07-28 16:42:31,424 [INFO] IPUIPlugin:80 - create IPUIPlugin
2023-07-28 16:42:31,424 [INFO] PluginManager:220 - loadIPPluginJar : add linkedlist
2023-07-28 16:42:31,428 [INFO] IPUIPlugin:80 - create IPUIPlugin
2023-07-28 16:42:31,429 [INFO] PluginManager:220 - loadIPPluginJar : add lorawan
2023-07-28 16:42:31,431 [INFO] IPUIPlugin:80 - create IPUIPlugin
2023-07-28 16:42:31,431 [INFO] PluginManager:220 - loadIPPluginJar : add ltdc
2023-07-28 16:42:31,439 [INFO] IPUIPlugin:80 - create IPUIPlugin
2023-07-28 16:42:31,440 [INFO] PluginManager:220 - loadIPPluginJar : add mdma
2023-07-28 16:42:31,445 [INFO] IPUIPlugin:80 - create IPUIPlugin
2023-07-28 16:42:31,446 [INFO] PluginManager:220 - loadIPPluginJar : add nvic
2023-07-28 16:42:31,450 [INFO] IPUIPlugin:80 - create IPUIPlugin
2023-07-28 16:42:31,451 [INFO] PluginManager:220 - loadIPPluginJar : add opamp
2023-07-28 16:42:31,455 [INFO] IPUIPlugin:80 - create IPUIPlugin
2023-07-28 16:42:31,456 [INFO] PluginManager:220 - loadIPPluginJar : add openamp
2023-07-28 16:42:31,462 [INFO] IPUIPlugin:80 - create IPUIPlugin
2023-07-28 16:42:31,462 [INFO] PluginManager:220 - loadIPPluginJar : add pdm2pcm
2023-07-28 16:42:31,472 [INFO] IPUIPlugin:80 - create IPUIPlugin
2023-07-28 16:42:31,476 [INFO] PluginManager:220 - loadIPPluginJar : add plateformsettings
2023-07-28 16:42:31,477 [INFO] IPUIPlugin:80 - create IPUIPlugin
2023-07-28 16:42:31,477 [INFO] PluginManager:220 - loadIPPluginJar : add quadspi
2023-07-28 16:42:31,484 [INFO] IPUIPlugin:80 - create IPUIPlugin
2023-07-28 16:42:31,484 [INFO] PluginManager:220 - loadIPPluginJar : add resmgrutility
2023-07-28 16:42:31,488 [INFO] IPUIPlugin:80 - create IPUIPlugin
2023-07-28 16:42:31,488 [INFO] PluginManager:220 - loadIPPluginJar : add sai
2023-07-28 16:42:31,491 [INFO] IPUIPlugin:80 - create IPUIPlugin
2023-07-28 16:42:31,491 [INFO] PluginManager:220 - loadIPPluginJar : add spi
2023-07-28 16:42:31,497 [INFO] IPUIPlugin:80 - create IPUIPlugin
2023-07-28 16:42:31,497 [INFO] PluginManager:220 - loadIPPluginJar : add stm32_wpan
2023-07-28 16:42:31,500 [INFO] IPUIPlugin:80 - create IPUIPlugin
2023-07-28 16:42:31,500 [INFO] PluginManager:220 - loadIPPluginJar : add tim
2023-07-28 16:42:31,504 [INFO] IPUIPlugin:80 - create IPUIPlugin
2023-07-28 16:42:31,504 [INFO] PluginManager:220 - loadIPPluginJar : add touchsensing
2023-07-28 16:42:31,507 [INFO] IPUIPlugin:80 - create IPUIPlugin
2023-07-28 16:42:31,507 [INFO] PluginManager:220 - loadIPPluginJar : add tracer_emb
2023-07-28 16:42:31,509 [INFO] IPUIPlugin:80 - create IPUIPlugin
2023-07-28 16:42:31,511 [INFO] PluginManager:220 - loadIPPluginJar : add ts
2023-07-28 16:42:31,512 [INFO] IPUIPlugin:80 - create IPUIPlugin
2023-07-28 16:42:31,512 [INFO] PluginManager:220 - loadIPPluginJar : add tsc
2023-07-28 16:42:31,516 [INFO] IPUIPlugin:80 - create IPUIPlugin
2023-07-28 16:42:31,516 [INFO] PluginManager:220 - loadIPPluginJar : add ucpd
2023-07-28 16:42:31,518 [INFO] IPUIPlugin:80 - create IPUIPlugin
2023-07-28 16:42:31,519 [INFO] PluginManager:220 - loadIPPluginJar : add usart
2023-07-28 16:42:31,522 [INFO] IPUIPlugin:80 - create IPUIPlugin
2023-07-28 16:42:31,522 [INFO] PluginManager:220 - loadIPPluginJar : add usbx
2023-07-28 16:42:31,659 [INFO] CADModel:165 - CPN selected for project level
2023-07-28 16:42:31,659 [INFO] CADModel:114 - Register for checkConnection events
2023-07-28 16:42:31,659 [FATAL] Updater:308 - Updater called before beeing initialized
2023-07-28 16:42:31,660 [ERROR] CADModel:125 - Updater not yet initialized, retry later 
2023-07-28 16:42:31,820 [INFO] CADModel:165 - CPN selected for project level
2023-07-28 16:42:31,820 [INFO] CADModel:114 - Register for checkConnection events
2023-07-28 16:42:31,820 [FATAL] Updater:308 - Updater called before beeing initialized
2023-07-28 16:42:31,820 [ERROR] CADModel:125 - Updater not yet initialized, retry later 
2023-07-28 16:42:31,824 [FATAL] Updater:308 - Updater called before beeing initialized
2023-07-28 16:42:31,963 [FATAL] Updater:308 - Updater called before beeing initialized
2023-07-28 16:42:31,972 [INFO] DbMcusAds:53 - JSON generation date=Tue Mar 07 10:50:55 EET 2023 (1678179055114)
2023-07-28 16:42:31,972 [FATAL] Updater:308 - Updater called before beeing initialized
2023-07-28 16:42:32,635 [WARN] DetailPanel:346 - Failed to get advertising image, set to default
2023-07-28 16:42:32,752 [FATAL] Updater:308 - Updater called before beeing initialized
2023-07-28 16:42:32,754 [FATAL] Updater:308 - Updater called before beeing initialized
2023-07-28 16:42:32,754 [FATAL] Updater:308 - Updater called before beeing initialized
2023-07-28 16:42:32,754 [WARN] DetailPanel:346 - Failed to get advertising image, set to default
2023-07-28 16:42:32,756 [FATAL] Updater:308 - Updater called before beeing initialized
2023-07-28 16:42:32,817 [ERROR] Updater:1120 - MainUpdater not yet initialized. External WinMGr cannot be set.
2023-07-28 16:42:32,820 [INFO] Updater:1056 - Updater Version found : 6.8.1
2023-07-28 16:42:32,841 [INFO] ApplicationProperties:184 - Using Application install path: C:\ST\STM32CubeIDE_1.12.1\STM32CubeIDE\plugins\com.st.stm32cube.common.mx_6.8.1.202304191431
2023-07-28 16:42:32,994 [INFO] MainUpdater:2854 - connection check result : 10
2023-07-28 16:42:32,995 [INFO] MainUpdater:283 - Updater Check For Update Now.
2023-07-28 16:42:32,995 [INFO] MicroXplorer:498 - Change Database Version : DB.6.0.81
2023-07-28 16:42:33,170 [INFO] CheckServerUpdateThread:120 - End of CheckServer Thread
2023-07-28 16:42:33,212 [INFO] MainUpdater:2854 - connection check result : 10
2023-07-28 16:42:33,214 [INFO] MainUpdater:2854 - connection check result : 10
2023-07-28 16:42:33,379 [INFO] MicroXplorer:468 - Change Database Path : 
2023-07-28 16:42:33,379 [INFO] MicroXplorer:498 - Change Database Version : DB.6.0.81
2023-07-28 16:42:33,380 [WARN] ThirdParty:871 - waiting for thirdparty lock release [close project]
2023-07-28 16:42:33,895 [WARN] PackLoader:240 - Cannot read IP mode file for STMicroelectronics.X-CUBE-SMBUS.2.1.0
2023-07-28 16:42:33,953 [WARN] PackLoader:240 - Cannot read IP mode file for STMicroelectronics.X-CUBE-AZRTOS-F7.1.1.0
2023-07-28 16:42:33,969 [WARN] PackLoader:240 - Cannot read IP mode file for STMicroelectronics.FP-SNS-MOTENV1.4.3.2
2023-07-28 16:42:34,016 [WARN] PackLoader:240 - Cannot read IP mode file for STMicroelectronics.X-CUBE-BLE1.6.2.4
2023-07-28 16:42:34,029 [WARN] PackLoader:240 - Cannot read IP mode file for STMicroelectronics.FP-SNS-FLIGHT1.5.0.2
2023-07-28 16:42:34,040 [WARN] PackLoader:240 - Cannot read IP mode file for STMicroelectronics.X-CUBE-DISPLAY.3.0.0
2023-07-28 16:42:34,058 [WARN] PackLoader:240 - Cannot read IP mode file for emotas.I-CUBE-CANOPEN.1.3.0
2023-07-28 16:42:34,070 [WARN] PackLoader:240 - Cannot read IP mode file for STMicroelectronics.X-CUBE-TOUCHGFX.4.22.0
2023-07-28 16:42:34,086 [INFO] LogOutputStream:77 - [STDOUT_REDIRECT] 1 : Invalid condition id : UX_CORESTACK_Condition cause : null
2023-07-28 16:42:34,087 [INFO] LogOutputStream:77 - [STDOUT_REDIRECT] 1 : Invalid condition id : UX_CORESTACK_Condition cause : null
2023-07-28 16:42:34,089 [INFO] LogOutputStream:77 - [STDOUT_REDIRECT] 1 : Invalid condition id : UX_CORESTACK_Condition cause : null
2023-07-28 16:42:34,091 [INFO] LogOutputStream:77 - [STDOUT_REDIRECT] 1 : Invalid condition id : UX_CORESTACK_Condition cause : null
2023-07-28 16:42:34,092 [INFO] LogOutputStream:77 - [STDOUT_REDIRECT] 1 : Invalid condition id : UX_CORESTACK_Condition cause : null
2023-07-28 16:42:34,098 [WARN] PackLoader:240 - Cannot read IP mode file for STMicroelectronics.X-CUBE-AZRTOS-WL.2.0.0
2023-07-28 16:42:34,110 [WARN] PackLoader:240 - Cannot read IP mode file for WES.I-CUBE-Cesium.1.3.0
2023-07-28 16:42:34,115 [WARN] PackLoader:240 - Cannot read IP mode file for STMicroelectronics.X-CUBE-BLE2.3.3.0
2023-07-28 16:42:34,122 [WARN] PackLoader:240 - Cannot read IP mode file for STMicroelectronics.X-CUBE-ALGOBUILD.1.3.0
2023-07-28 16:42:34,184 [WARN] PackLoader:240 - Cannot read IP mode file for STMicroelectronics.X-CUBE-AZRTOS-G0.1.1.0
2023-07-28 16:42:34,202 [WARN] PackLoader:240 - Cannot read IP mode file for STMicroelectronics.X-CUBE-NFC4.3.0.0
2023-07-28 16:42:34,208 [WARN] PackLoader:240 - Cannot read IP mode file for STMicroelectronics.FP-ATR-SIGFOX1.3.2.0
2023-07-28 16:42:34,256 [WARN] PackLoader:240 - Cannot read IP mode file for SEGGER.I-CUBE-embOS.1.3.1
2023-07-28 16:42:34,319 [WARN] PackLoader:240 - Cannot read IP mode file for STMicroelectronics.X-CUBE-GNSS1.6.0.0
2023-07-28 16:42:34,350 [WARN] PackLoader:240 - Cannot read IP mode file for STMicroelectronics.X-CUBE-AZRTOS-F4.1.1.0
2023-07-28 16:42:34,360 [WARN] PackLoader:240 - Cannot read IP mode file for wolfSSL.I-CUBE-wolfSSL.5.6.3
2023-07-28 16:42:34,422 [WARN] PackLoader:240 - Cannot read IP mode file for STMicroelectronics.X-CUBE-MEMS1.9.6.0
2023-07-28 16:42:34,611 [WARN] PackLoader:240 - Cannot read IP mode file for STMicroelectronics.X-CUBE-BLEMGR.2.0.0
2023-07-28 16:42:34,625 [WARN] ConditionMgr:438 - getConditionDescription Invalid condition id : UX DEVICE CLASS RTOS Condition cause : null
2023-07-28 16:42:34,625 [WARN] ConditionMgr:438 - getConditionDescription Invalid condition id : UX DEVICE CLASS RTOS Condition cause : null
2023-07-28 16:42:34,636 [WARN] PackLoader:240 - Cannot read IP mode file for STMicroelectronics.X-CUBE-AZRTOS-H7.3.1.0
2023-07-28 16:42:34,638 [WARN] ConditionMgr:1039 - genDependencies : Invalid condition id : UX DEVICE CLASS RTOS Condition cause : null
2023-07-28 16:42:34,638 [WARN] ConditionMgr:1039 - genDependencies : Invalid condition id : UX DEVICE CLASS RTOS Condition cause : null
2023-07-28 16:42:34,639 [WARN] ConditionMgr:1039 - genDependencies : Invalid condition id : UX DEVICE CLASS RTOS Condition cause : null
2023-07-28 16:42:34,640 [WARN] ConditionMgr:1039 - genDependencies : Invalid condition id : UX DEVICE CLASS RTOS Condition cause : null
2023-07-28 16:42:34,640 [WARN] ConditionMgr:1039 - genDependencies : Invalid condition id : UX DEVICE CLASS RTOS Condition cause : null
2023-07-28 16:42:34,649 [WARN] PackLoader:240 - Cannot read IP mode file for STMicroelectronics.X-CUBE-NFC7.1.0.1
2023-07-28 16:42:34,658 [WARN] PackLoader:240 - Cannot read IP mode file for STMicroelectronics.X-CUBE-EEPRMA1.4.1.0
2023-07-28 16:42:34,685 [WARN] ConditionMgr:438 - getConditionDescription Invalid condition id : LAN8742 Phy interface Condition cause : null
2023-07-28 16:42:34,686 [WARN] PackLoader:240 - Cannot read IP mode file for STMicroelectronics.X-CUBE-AZRTOS-L4.2.0.0
2023-07-28 16:42:34,688 [WARN] ConditionMgr:1039 - genDependencies : Invalid condition id : LAN8742 Phy interface Condition cause : null
2023-07-28 16:42:34,688 [WARN] ConditionMgr:1039 - genDependencies : Invalid condition id : LAN8742 Phy interface Condition cause : null
2023-07-28 16:42:34,689 [WARN] ConditionMgr:1039 - genDependencies : Invalid condition id : LAN8742 Phy interface Condition cause : null
2023-07-28 16:42:34,698 [WARN] PackLoader:240 - Cannot read IP mode file for STMicroelectronics.X-CUBE-SFXS2LP1.4.0.0
2023-07-28 16:42:34,705 [WARN] PackLoader:240 - Cannot read IP mode file for STMicroelectronics.X-CUBE-ISPU.1.1.0
2023-07-28 16:42:34,713 [WARN] PackLoader:240 - Cannot read IP mode file for STMicroelectronics.X-CUBE-FREERTOS.1.0.1
2023-07-28 16:42:34,739 [WARN] PackLoader:240 - Cannot read IP mode file for STMicroelectronics.X-CUBE-AZRTOS-L5.1.1.0
2023-07-28 16:42:34,762 [WARN] PackLoader:240 - Cannot read IP mode file for STMicroelectronics.X-CUBE-AI.8.0.1
2023-07-28 16:42:34,795 [WARN] PackLoader:240 - Cannot read IP mode file for STMicroelectronics.X-CUBE-SUBG2.5.0.0
2023-07-28 16:42:34,817 [WARN] PackLoader:240 - Cannot read IP mode file for STMicroelectronics.X-CUBE-TOF1.3.3.1
2023-07-28 16:42:34,849 [WARN] PackLoader:240 - Cannot read IP mode file for STMicroelectronics.X-CUBE-AZRTOS-G4.2.0.0
2023-07-28 16:42:34,857 [WARN] PackLoader:240 - Cannot read IP mode file for portGmbH.I-Cube-SoM-uGOAL.1.1.0
2023-07-28 16:42:34,862 [WARN] PackLoader:240 - Cannot read IP mode file for STMicroelectronics.X-CUBE-ALS.1.0.1
2023-07-28 16:42:34,878 [WARN] PackLoader:240 - Cannot read IP mode file for STMicroelectronics.X-CUBE-AZRTOS-WB.1.1.0
2023-07-28 16:42:34,885 [WARN] PackLoader:240 - Cannot read IP mode file for STMicroelectronics.FP-ATR-ASTRA1.2.0.0
2023-07-28 16:42:34,886 [INFO] ThirdParty:978 - Integrity check success = true
2023-07-28 16:42:34,886 [INFO] IntegrityCheckThread:100 - exiting critical section [integrity check]
2023-07-28 16:42:34,886 [INFO] IntegrityCheckThread:103 - End integrity checks thread
2023-07-28 16:42:34,886 [INFO] ThirdParty:873 - entering critical section [close project]
2023-07-28 16:42:34,887 [INFO] ThirdParty:883 - exiting critical section [close project]
2023-07-28 16:42:34,891 [INFO] PinOutPanel:1499 - setPackage(No Configuration,No Configuration)
2023-07-28 16:42:34,899 [INFO] UtilMem:75 - Begin LoadConfig() Used Memory: 488589680 Bytes (503316480)
2023-07-28 16:42:34,901 [INFO] MicroXplorer:468 - Change Database Path : 
2023-07-28 16:42:34,901 [INFO] MicroXplorer:498 - Change Database Version : DB.6.0.81
2023-07-28 16:42:34,901 [INFO] OpenFileManager:308 - Change cursor
2023-07-28 16:42:34,944 [INFO] Mcu:1937 - Initializing MCU STM32F429ZITx STM32F429ZITx STM32F429ZIT6
2023-07-28 16:42:37,400 [INFO] Context:659 - Trying to add GPIOservice into a context  which must be forbidden
2023-07-28 16:42:38,473 [INFO] RtosManager:555 - Registered RTOS mode: class=CMSIS, group=RTOS, mode=CMSIS_V1, owner=FREERTOS
2023-07-28 16:42:38,474 [INFO] RtosManager:555 - Registered RTOS mode: class=CMSIS, group=RTOS2, mode=CMSIS_V2, owner=FREERTOS
2023-07-28 16:42:38,474 [INFO] RtosManager:555 - Registered RTOS mode: class=RTOS, group=Core, mode=CMSIS_V1, owner=FREERTOS
2023-07-28 16:42:38,474 [INFO] RtosManager:555 - Registered RTOS mode: class=RTOS, group=Core, mode=CMSIS_V2, owner=FREERTOS
2023-07-28 16:42:38,474 [WARN] ModelIntegratedComponent:184 - Missing modes for component STMicroelectronics:FreeRTOS:0.0.1:STMicroelectronics:RTOS:FreeRTOS:Core:::10.2.0:
2023-07-28 16:42:38,494 [WARN] ModelIntegratedComponent:63 - No mode defined for component null
2023-07-28 16:42:38,495 [WARN] ModelIntegratedComponent:63 - No mode defined for component null
2023-07-28 16:42:38,495 [WARN] ModelIntegratedComponent:63 - No mode defined for component null
2023-07-28 16:42:38,495 [WARN] ModelIntegratedComponent:63 - No mode defined for component null
2023-07-28 16:42:38,495 [WARN] ModelIntegratedComponent:63 - No mode defined for component null
2023-07-28 16:42:38,495 [WARN] ModelIntegratedComponent:63 - No mode defined for component null
2023-07-28 16:42:38,495 [WARN] ModelIntegratedComponent:63 - No mode defined for component null
2023-07-28 16:42:38,495 [WARN] ModelIntegratedComponent:63 - No mode defined for component null
2023-07-28 16:42:38,496 [WARN] ModelIntegratedComponent:63 - No mode defined for component null
2023-07-28 16:42:38,496 [WARN] ModelIntegratedComponent:63 - No mode defined for component null
2023-07-28 16:42:38,496 [WARN] ModelIntegratedComponent:63 - No mode defined for component null
2023-07-28 16:42:38,496 [WARN] ModelIntegratedComponent:63 - No mode defined for component null
2023-07-28 16:42:38,496 [WARN] ModelIntegratedComponent:63 - No mode defined for component null
2023-07-28 16:42:38,496 [WARN] ModelIntegratedComponent:63 - No mode defined for component null
2023-07-28 16:42:38,496 [WARN] ModelIntegratedComponent:63 - No mode defined for component null
2023-07-28 16:42:38,496 [WARN] ModelIntegratedComponent:63 - No mode defined for component null
2023-07-28 16:42:38,496 [WARN] ModelIntegratedComponent:63 - No mode defined for component null
2023-07-28 16:42:38,497 [WARN] ModelIntegratedComponent:63 - No mode defined for component null
2023-07-28 16:42:38,497 [WARN] ModelIntegratedComponent:63 - No mode defined for component null
2023-07-28 16:42:38,497 [WARN] ModelIntegratedComponent:63 - No mode defined for component null
2023-07-28 16:42:38,497 [WARN] ModelIntegratedComponent:63 - No mode defined for component null
2023-07-28 16:42:38,497 [WARN] ModelIntegratedComponent:63 - No mode defined for component null
2023-07-28 16:42:38,497 [WARN] ModelIntegratedComponent:63 - No mode defined for component null
2023-07-28 16:42:38,497 [WARN] ModelIntegratedComponent:63 - No mode defined for component null
2023-07-28 16:42:38,497 [WARN] ModelIntegratedComponent:63 - No mode defined for component null
2023-07-28 16:42:38,497 [WARN] ModelIntegratedComponent:63 - No mode defined for component null
2023-07-28 16:42:38,498 [WARN] ModelIntegratedComponent:63 - No mode defined for component null
2023-07-28 16:42:38,498 [WARN] ModelIntegratedComponent:63 - No mode defined for component null
2023-07-28 16:42:38,498 [WARN] ModelIntegratedComponent:63 - No mode defined for component null
2023-07-28 16:42:38,498 [WARN] ModelIntegratedComponent:63 - No mode defined for component null
2023-07-28 16:42:38,498 [WARN] ModelIntegratedComponent:63 - No mode defined for component null
2023-07-28 16:42:38,498 [WARN] ModelIntegratedComponent:63 - No mode defined for component null
2023-07-28 16:42:38,498 [WARN] ModelIntegratedComponent:63 - No mode defined for component null
2023-07-28 16:42:38,525 [INFO] ThirdPartyModel:298 - Start build external matchings
2023-07-28 16:42:38,770 [INFO] ThirdPartyModel:316 - End build external matchings
2023-07-28 16:42:39,170 [INFO] UtilMem:75 - End LoadConfig() Used Memory: 548505464 Bytes (702545920)
2023-07-28 16:42:39,264 [INFO] ApiDb:581 - Connected to CubeFinder SQLite database (C:\Users\MFIBADEK\.stmcufinder\plugins\mcufinder\mcu\cube-finder-db.db)
2023-07-28 16:42:39,369 [INFO] ApiDb:668 - CubeFinder database Data Model version=2.1
2023-07-28 16:42:39,369 [INFO] ApiDb:669 - CubeFinder database Configuration version=3.0.37
2023-07-28 16:42:39,369 [INFO] ApiDb:670 - CubeFinder database generation date=2023-06-26 (1687786131)
2023-07-28 16:42:39,369 [INFO] ApiDb:671 - CubeFinder database FW Pack versions=[FP-ATR-ASTRA1_V2.0.0, FP-SNS-FLIGHT1_V5.0.1, FP-SNS-MOTENV1_V4.3.1, STM32Cube_FW_C0_V1.1.0, STM32Cube_FW_F4_V1.27.1, STM32Cube_FW_F7_V1.17.0, STM32Cube_FW_G0_V1.6.1, STM32Cube_FW_G4_V1.5.1, STM32Cube_FW_H5_V0.5.1, STM32Cube_FW_H5_V1.1.0, STM32Cube_FW_H7_V1.11.0, STM32Cube_FW_L0_V1.12.2, STM32Cube_FW_L5_V1.5.0, STM32Cube_FW_U5_V1.3.0, STM32Cube_FW_U5_V1.3.0RC4, STM32Cube_FW_WBA_V1.0.0RC1, STM32Cube_FW_WBA_V1.1.0, STM32Cube_FW_WBA_V1.1.0RC1, STM32Cube_FW_WB_V1.15.0RC1, STM32Cube_FW_WB_V1.16.0, STM32Cube_FW_WB_V1.16.0RC2, STM32Cube_FW_WB_V1.17.0, STM32Cube_FW_WL_V1.3.0, X-CUBE-ALGOBUILD_V1.3.0, X-CUBE-ALS_V1.0.1, X-CUBE-AZRTOS-F4_V1.1.0, X-CUBE-AZRTOS-F7_V1.1.0, X-CUBE-AZRTOS-G0_V1.1.0, X-CUBE-AZRTOS-G4_V2.0.0, X-CUBE-AZRTOS-H7_V3.1.0, X-CUBE-AZRTOS-L4_V1.0.0, X-CUBE-AZRTOS-L4_V2.0.0, X-CUBE-AZRTOS-L5_V1.1.0, X-CUBE-AZRTOS-WB_V1.1.0, X-CUBE-AZRTOS-WL_V2.0.0, X-CUBE-BLE1_V6.2.4, X-CUBE-BLE2_V3.3.0, X-CUBE-BLEMGR_V2.0.0, X-CUBE-EEPRMA1_V4.1.0, X-CUBE-FREERTOS_V1.0.1, X-CUBE-GNSS1_V6.0.0, X-CUBE-MEMS1_V9.1.0, X-CUBE-MEMS1_V9.4.0, X-CUBE-MEMS1_V9.6.0, X-CUBE-NFC4_V3.0.0, X-CUBE-NFC7_V1.0.0, X-CUBE-SFXS2LP1_V4.0.0, X-CUBE-SUBG2_V5.0.0]
2023-07-28 16:42:41,630 [INFO] ApiDb:240 - Found 297 in-development CPN: [B-G473E-ZEST1S, B-WB1M-WPAN1, B-WL5M-SUBG1, NUCLEO-C031C6, NUCLEO-H503RB, NUCLEO-H563ZI, NUCLEO-U545RE-Q, NUCLEO-U5A5ZJ-Q, NUCLEO-WBA52CG, STEVAL-PROTEUS1, STEVAL-STWINBX1, STM320518-EVAL, STM32C0116-DK, STM32C011D6Y3TR, STM32C011D6Y6TR, STM32C011F4P3, STM32C011F4P6, STM32C011F4U3, STM32C011F4U6TR, STM32C011F6P3, STM32C011F6P6, STM32C011F6U3, STM32C011F6U6TR, STM32C011J4M3, STM32C011J4M6, STM32C011J6M3, STM32C011J6M6, STM32C0316-DK, STM32C031C4T3, STM32C031C4T6, STM32C031C4U3, STM32C031C4U6, STM32C031C6T3, STM32C031C6T6, STM32C031C6U3, STM32C031C6U6, STM32C031F4P3, STM32C031F4P6, STM32C031F6P3, STM32C031F6P6, STM32C031G4U3, STM32C031G4U6, STM32C031G6U3, STM32C031G6U6, STM32C031K4T3, STM32C031K4T6, STM32C031K4U3, STM32C031K4U6, STM32C031K6T3, STM32C031K6T6, STM32C031K6U3, STM32C031K6U6, STM32G071K8TXN, STM32G071K8UXN, STM32G081GBU6N, STM32G081KBT6N, STM32G081KBUXN, STM32G0B1CCT6N, STM32G0B1KCT6, STM32G0B1NEY6TR, STM32G0B1RCT6N, STM32G0C1CCT6, STM32G0C1CCT6N, STM32G0C1CCU6N, STM32G0C1CET6N, STM32G0C1CEU6N, STM32G0C1KCT6, STM32G0C1NEY6TR, STM32G0C1RCI6N, STM32G0C1RCT6N, STM32G0C1REI6N, STM32G0C1RET6N, STM32G0C1VCI6, STM32G0C1VEI6, STM32G471CCT6, STM32G471CCU6, STM32G471CET3, STM32G471CET6, STM32G471CEU3, STM32G471CEU6, STM32G471MCT6, STM32G471MET3, STM32G471MET6, STM32G471MEY6TR, STM32G471QCT6, STM32G471QET3, STM32G471RCT6, STM32G471RET3, STM32G471RET6, STM32G471VCH6, STM32G471VCI6, STM32G471VCT6, STM32G471VEH3, STM32G471VEH6, STM32G471VEI3, STM32G471VEI6, STM32G471VET3, STM32G471VET6, STM32G474CCT6, STM32H503CBT6, STM32H503CBU6, STM32H503EBY6TR, STM32H503KBU6, STM32H503RBT6, STM32H562AGI6, STM32H562AII6, STM32H562IGK6, STM32H562IGT6, STM32H562IIK6, STM32H562IIT6, STM32H562RGT6, STM32H562RGV6, STM32H562RIT6, STM32H562RIV6, STM32H562VGT6, STM32H562VIT6, STM32H562ZGT6, STM32H562ZIT6, STM32H563AGI6, STM32H563AII3Q, STM32H563AII6, STM32H563IGK6, STM32H563IGT6, STM32H563IIK3Q, STM32H563IIK6, STM32H563IIT3Q, STM32H563IIT6, STM32H563MIY3QTR, STM32H563RGT6, STM32H563RGV6, STM32H563RIT6, STM32H563RIV6, STM32H563VGT6, STM32H563VIT3Q, STM32H563VIT6, STM32H563ZGT6, STM32H563ZIT3Q, STM32H563ZIT6, STM32H573AII3Q, STM32H573AII6, STM32H573I-DK, STM32H573IIK3Q, STM32H573IIK6, STM32H573IIT3Q, STM32H573IIT6, STM32H573MIY3QTR, STM32H573RIT6, STM32H573RIV6, STM32H573VIT3Q, STM32H573VIT6, STM32H573ZIT3Q, STM32H573ZIT6, STM32L4R5QGI6STR, STM32MP131AAE3, STM32MP131AAF3, STM32MP131AAG3, STM32MP131CAE3, STM32MP131CAF3, STM32MP131CAG3, STM32MP131DAE7, STM32MP131DAF7, STM32MP131DAG7, STM32MP131FAE7, STM32MP131FAF7, STM32MP131FAG7, STM32MP133AAE3, STM32MP133AAF3, STM32MP133AAG3, STM32MP133CAE3, STM32MP133CAF3, STM32MP133CAG3, STM32MP133DAE7, STM32MP133DAF7, STM32MP133DAG7, STM32MP133FAE7, STM32MP133FAF7, STM32MP133FAG7, STM32MP135AAE3, STM32MP135AAF3, STM32MP135AAG3, STM32MP135CAE3, STM32MP135CAF3, STM32MP135CAG3, STM32MP135DAE7, STM32MP135DAF7, STM32MP135DAG7, STM32MP135F-DK, STM32MP135FAE7, STM32MP135FAF7, STM32MP135FAF7T, STM32MP135FAF7U, STM32MP135FAG7, STM32U535CBT6, STM32U535CBT6Q, STM32U535CBU6, STM32U535CBU6Q, STM32U535CCT6, STM32U535CCT6Q, STM32U535CCU6, STM32U535CCU6Q, STM32U535CET6, STM32U535CET6Q, STM32U535CEU6, STM32U535CEU6Q, STM32U535JEY6QTR, STM32U535NCY6QTR, STM32U535NEY6QTR, STM32U535RBI6, STM32U535RBI6Q, STM32U535RBT6, STM32U535RBT6Q, STM32U535RCI6, STM32U535RCI6Q, STM32U535RCT6, STM32U535RCT6Q, STM32U535REI6, STM32U535REI6Q, STM32U535RET6, STM32U535RET6Q, STM32U535VCI6, STM32U535VCI6Q, STM32U535VCT6, STM32U535VCT6Q, STM32U535VEI6, STM32U535VEI6Q, STM32U535VET6, STM32U535VET6Q, STM32U545CET6, STM32U545CET6Q, STM32U545CEU6, STM32U545CEU6Q, STM32U545JEY6QTR, STM32U545NEY6QTR, STM32U545REI6, STM32U545REI6Q, STM32U545RET6, STM32U545RET6Q, STM32U545VEI6, STM32U545VEI6Q, STM32U545VET6, STM32U545VET6Q, STM32U595AIH6, STM32U595AIH6Q, STM32U595AJH6, STM32U595AJH6Q, STM32U595QII6, STM32U595QII6Q, STM32U595QJI6, STM32U595QJI6Q, STM32U595RIT6, STM32U595RIT6Q, STM32U595RJT6, STM32U595RJT6Q, STM32U595VIT6, STM32U595VIT6Q, STM32U595VJT6, STM32U595VJT6Q, STM32U595ZIT6, STM32U595ZIT6Q, STM32U595ZIY6QTR, STM32U595ZJT6, STM32U595ZJT6Q, STM32U595ZJY6QTR, STM32U599BJY6QTR, STM32U599NIH6Q, STM32U599NJH6Q, STM32U599VIT6Q, STM32U599VJT6, STM32U599VJT6Q, STM32U599ZIT6Q, STM32U599ZIY6QTR, STM32U599ZJT6Q, STM32U599ZJY6QTR, STM32U5A5AJH6, STM32U5A5AJH6Q, STM32U5A5QJI6, STM32U5A5QJI6Q, STM32U5A5RJT6, STM32U5A5RJT6Q, STM32U5A5VJT6, STM32U5A5VJT6Q, STM32U5A5ZJT6, STM32U5A5ZJT6Q, STM32U5A5ZJY6QTR, STM32U5A9BJY6QTR, STM32U5A9J-DK, STM32U5A9NJH6Q, STM32U5A9VJT6Q, STM32U5A9ZJT6Q, STM32U5A9ZJY6QTR, STM32WB1MMCH6, STM32WBA52CEU6, STM32WBA52CEU6T, STM32WBA52CGU6, STM32WBA52CGU6T, STM32WL5MOCH6, STM32WL5MOCH6TR]
2023-07-28 16:42:41,634 [INFO] DbMcus:216 - Found 3825 MCUs, 3825 are supported
2023-07-28 16:42:41,636 [INFO] ApiDb:423 - Load user favorites file C:\Users\MFIBADEK/.stm32cubeide/favorites.mcus.txt: 0 item(s)
2023-07-28 16:42:41,636 [INFO] ApiDb:427 - User favorites MCUs=[]
2023-07-28 16:42:41,636 [INFO] DbMcus:222 - Set 0 / 0 favorites MCUs
2023-07-28 16:42:42,077 [WARN] ThirdParty:833 - waiting for thirdparty lock release [change project]
2023-07-28 16:42:42,077 [INFO] ThirdParty:835 - entering critical section [change project]
2023-07-28 16:42:42,077 [INFO] ThirdParty:1030 - CMSIS Pack Vendor :STMicroelectronics X-CUBE-ISPU 1.1.0
2023-07-28 16:42:42,077 [INFO] ThirdParty:1030 - CMSIS Pack Vendor :STMicroelectronics X-CUBE-GNSS1 6.0.0
2023-07-28 16:42:42,077 [INFO] ThirdParty:1030 - CMSIS Pack Vendor :STMicroelectronics USB_HOST 2.0.0
2023-07-28 16:42:42,077 [INFO] ThirdParty:1030 - CMSIS Pack Vendor :STMicroelectronics X-CUBE-AZRTOS-F4 1.1.0
2023-07-28 16:42:42,077 [INFO] ThirdParty:1030 - CMSIS Pack Vendor :STMicroelectronics LIBJPEG 8.0.0
2023-07-28 16:42:42,077 [INFO] ThirdParty:1030 - CMSIS Pack Vendor :wolfSSL I-CUBE-wolfSSL 5.6.3
2023-07-28 16:42:42,077 [INFO] ThirdParty:1030 - CMSIS Pack Vendor :STMicroelectronics X-CUBE-SMBUS 2.1.0
2023-07-28 16:42:42,077 [INFO] ThirdParty:1030 - CMSIS Pack Vendor :STMicroelectronics USB_DEVICE 3.0.0
2023-07-28 16:42:42,078 [INFO] ThirdParty:1030 - CMSIS Pack Vendor :STMicroelectronics X-CUBE-FREERTOS 1.0.1
2023-07-28 16:42:42,078 [INFO] ThirdParty:1030 - CMSIS Pack Vendor :STMicroelectronics X-CUBE-AZRTOS-F7 1.1.0
2023-07-28 16:42:42,078 [INFO] ThirdParty:1030 - CMSIS Pack Vendor :STMicroelectronics USB_DEVICE 2.0.0
2023-07-28 16:42:42,078 [INFO] ThirdParty:1030 - CMSIS Pack Vendor :STMicroelectronics X-CUBE-MEMS1 9.6.0
2023-07-28 16:42:42,078 [INFO] ThirdParty:1030 - CMSIS Pack Vendor :STMicroelectronics FP-SNS-MOTENV1 4.3.2
2023-07-28 16:42:42,078 [INFO] ThirdParty:1030 - CMSIS Pack Vendor :STMicroelectronics X-CUBE-ALGOBUILD 1.3.0
2023-07-28 16:42:42,078 [INFO] ThirdParty:1030 - CMSIS Pack Vendor :STMicroelectronics X-CUBE-BLE1 6.2.4
2023-07-28 16:42:42,078 [INFO] ThirdParty:1030 - CMSIS Pack Vendor :STMicroelectronics X-CUBE-AZRTOS-L5 1.1.0
2023-07-28 16:42:42,078 [INFO] ThirdParty:1030 - CMSIS Pack Vendor :STMicroelectronics FreeRTOS 0.0.1
2023-07-28 16:42:42,078 [INFO] ThirdParty:1030 - CMSIS Pack Vendor :STMicroelectronics X-CUBE-AZRTOS-G0 1.1.0
2023-07-28 16:42:42,078 [INFO] ThirdParty:1030 - CMSIS Pack Vendor :STMicroelectronics X-CUBE-BLEMGR 2.0.0
2023-07-28 16:42:42,078 [INFO] ThirdParty:1030 - CMSIS Pack Vendor :STMicroelectronics X-CUBE-AI 8.0.1
2023-07-28 16:42:42,078 [INFO] ThirdParty:1030 - CMSIS Pack Vendor :STMicroelectronics X-CUBE-NFC4 3.0.0
2023-07-28 16:42:42,078 [INFO] ThirdParty:1030 - CMSIS Pack Vendor :STMicroelectronics X-CUBE-SUBG2 5.0.0
2023-07-28 16:42:42,078 [INFO] ThirdParty:1030 - CMSIS Pack Vendor :STMicroelectronics STM32_WPAN 1.0.0
2023-07-28 16:42:42,078 [INFO] ThirdParty:1030 - CMSIS Pack Vendor :STMicroelectronics lwIP 2.0.3
2023-07-28 16:42:42,078 [INFO] ThirdParty:1030 - CMSIS Pack Vendor :STMicroelectronics FP-SNS-FLIGHT1 5.0.2
2023-07-28 16:42:42,079 [INFO] ThirdParty:1030 - CMSIS Pack Vendor :STMicroelectronics USB_HOST 1.0.0
2023-07-28 16:42:42,079 [INFO] ThirdParty:1030 - CMSIS Pack Vendor :STMicroelectronics X-CUBE-TOF1 3.3.1
2023-07-28 16:42:42,079 [INFO] ThirdParty:1030 - CMSIS Pack Vendor :STMicroelectronics X-CUBE-AZRTOS-G4 2.0.0
2023-07-28 16:42:42,079 [INFO] ThirdParty:1030 - CMSIS Pack Vendor :STMicroelectronics PDM2PCM 3.1.0
2023-07-28 16:42:42,079 [INFO] ThirdParty:1030 - CMSIS Pack Vendor :STMicroelectronics X-CUBE-AZRTOS-H7 3.1.0
2023-07-28 16:42:42,079 [INFO] ThirdParty:1030 - CMSIS Pack Vendor :STMicroelectronics PDM2PCM 3.3.0
2023-07-28 16:42:42,079 [INFO] ThirdParty:1030 - CMSIS Pack Vendor :STMicroelectronics X-CUBE-DISPLAY 3.0.0
2023-07-28 16:42:42,079 [INFO] ThirdParty:1030 - CMSIS Pack Vendor :STMicroelectronics FP-ATR-SIGFOX1 3.2.0
2023-07-28 16:42:42,079 [INFO] ThirdParty:1030 - CMSIS Pack Vendor :STMicroelectronics HAL Drivers 0.0.0
2023-07-28 16:42:42,079 [INFO] ThirdParty:1030 - CMSIS Pack Vendor :STMicroelectronics MBEDTLS 2.16.2
2023-07-28 16:42:42,079 [INFO] ThirdParty:1030 - CMSIS Pack Vendor :emotas I-CUBE-CANOPEN 1.3.0
2023-07-28 16:42:42,079 [INFO] ThirdParty:1030 - CMSIS Pack Vendor :STMicroelectronics X-CUBE-TOUCHGFX 4.22.0
2023-07-28 16:42:42,079 [INFO] ThirdParty:1030 - CMSIS Pack Vendor :STMicroelectronics X-CUBE-NFC7 1.0.1
2023-07-28 16:42:42,079 [INFO] ThirdParty:1030 - CMSIS Pack Vendor :STMicroelectronics MBEDTLS 2.14.1
2023-07-28 16:42:42,079 [INFO] ThirdParty:1030 - CMSIS Pack Vendor :STMicroelectronics X-CUBE-EEPRMA1 4.1.0
2023-07-28 16:42:42,079 [INFO] ThirdParty:1030 - CMSIS Pack Vendor :portGmbH I-Cube-SoM-uGOAL 1.1.0
2023-07-28 16:42:42,080 [INFO] ThirdParty:1030 - CMSIS Pack Vendor :STMicroelectronics X-CUBE-ALS 1.0.1
2023-07-28 16:42:42,080 [INFO] ThirdParty:1030 - CMSIS Pack Vendor :STMicroelectronics ThreadX 1.0.0
2023-07-28 16:42:42,080 [INFO] ThirdParty:1030 - CMSIS Pack Vendor :STMicroelectronics X-CUBE-AZRTOS-WB 1.1.0
2023-07-28 16:42:42,080 [INFO] ThirdParty:1030 - CMSIS Pack Vendor :STMicroelectronics X-CUBE-AZRTOS-WL 2.0.0
2023-07-28 16:42:42,080 [INFO] ThirdParty:1030 - CMSIS Pack Vendor :SEGGER I-CUBE-embOS 1.3.1
2023-07-28 16:42:42,080 [INFO] ThirdParty:1030 - CMSIS Pack Vendor :STMicroelectronics USB_DEVICE 1.0.0
2023-07-28 16:42:42,080 [INFO] ThirdParty:1030 - CMSIS Pack Vendor :STMicroelectronics X-CUBE-AZRTOS-L4 2.0.0
2023-07-28 16:42:42,080 [INFO] ThirdParty:1030 - CMSIS Pack Vendor :STMicroelectronics ThreadX 0.0.2
2023-07-28 16:42:42,080 [INFO] ThirdParty:1030 - CMSIS Pack Vendor :WES I-CUBE-Cesium 1.3.0
2023-07-28 16:42:42,080 [INFO] ThirdParty:1030 - CMSIS Pack Vendor :STMicroelectronics FP-ATR-ASTRA1 2.0.0
2023-07-28 16:42:42,080 [INFO] ThirdParty:1030 - CMSIS Pack Vendor :STMicroelectronics lwIP 2.1.2
2023-07-28 16:42:42,080 [INFO] ThirdParty:1030 - CMSIS Pack Vendor :STMicroelectronics X-CUBE-SFXS2LP1 4.0.0
2023-07-28 16:42:42,080 [INFO] ThirdParty:1030 - CMSIS Pack Vendor :STMicroelectronics X-CUBE-BLE2 3.3.0
2023-07-28 16:42:42,080 [INFO] ThirdParty:1030 - CMSIS Pack Vendor :STMicroelectronics PDM2PCM 3.2.0
2023-07-28 16:42:42,080 [INFO] ThirdParty:841 - exiting critical section [change project]
2023-07-28 16:42:42,625 [INFO] PinOutPanel:1499 - setPackage(No Configuration,No Configuration)
2023-07-28 16:42:42,628 [INFO] PinOutPanel:1499 - setPackage(STM32F429ZITx,LQFP144)
2023-07-28 16:42:43,520 [INFO] UtilMem:75 - Before build in PCC Used Memory: 559674152 Bytes (702545920)
2023-07-28 16:42:44,450 [INFO] UtilMem:75 - After build in PCC Used Memory: 540545264 Bytes (702545920)
2023-07-28 16:42:44,507 [INFO] IPUIPlugin:80 - create IPUIPlugin
2023-07-28 16:42:44,507 [INFO] IPUIPlugin:80 - create IPUIPlugin
2023-07-28 16:42:44,507 [INFO] IPUIPlugin:80 - create IPUIPlugin
2023-07-28 16:42:44,508 [INFO] IPUIPlugin:80 - create IPUIPlugin
2023-07-28 16:42:44,508 [INFO] IPUIPlugin:80 - create IPUIPlugin
2023-07-28 16:42:44,509 [INFO] IPUIPlugin:80 - create IPUIPlugin
2023-07-28 16:42:44,509 [INFO] IPUIPlugin:80 - create IPUIPlugin
2023-07-28 16:42:44,509 [INFO] IPUIPlugin:80 - create IPUIPlugin
2023-07-28 16:42:44,509 [INFO] IPUIPlugin:80 - create IPUIPlugin
2023-07-28 16:42:44,510 [INFO] IPUIPlugin:80 - create IPUIPlugin
2023-07-28 16:42:44,511 [INFO] IPUIPlugin:80 - create IPUIPlugin
2023-07-28 16:42:44,512 [INFO] IPUIPlugin:80 - create IPUIPlugin
2023-07-28 16:42:44,512 [INFO] IPUIPlugin:80 - create IPUIPlugin
2023-07-28 16:42:44,512 [INFO] IPUIPlugin:80 - create IPUIPlugin
2023-07-28 16:42:44,512 [INFO] IPUIPlugin:80 - create IPUIPlugin
2023-07-28 16:42:44,512 [INFO] IPUIPlugin:80 - create IPUIPlugin
2023-07-28 16:42:44,512 [INFO] IPUIPlugin:80 - create IPUIPlugin
2023-07-28 16:42:44,513 [INFO] IPUIPlugin:80 - create IPUIPlugin
2023-07-28 16:42:44,513 [INFO] IPUIPlugin:80 - create IPUIPlugin
2023-07-28 16:42:44,513 [INFO] IPUIPlugin:80 - create IPUIPlugin
2023-07-28 16:42:44,514 [INFO] IPUIPlugin:80 - create IPUIPlugin
2023-07-28 16:42:44,514 [INFO] IPUIPlugin:80 - create IPUIPlugin
2023-07-28 16:42:44,515 [INFO] IPUIPlugin:80 - create IPUIPlugin
2023-07-28 16:42:44,515 [INFO] IPUIPlugin:80 - create IPUIPlugin
2023-07-28 16:42:44,516 [INFO] IPUIPlugin:80 - create IPUIPlugin
2023-07-28 16:42:44,516 [INFO] IPUIPlugin:80 - create IPUIPlugin
2023-07-28 16:42:44,516 [INFO] IPUIPlugin:80 - create IPUIPlugin
2023-07-28 16:42:44,517 [INFO] IPUIPlugin:80 - create IPUIPlugin
2023-07-28 16:42:44,517 [INFO] IPUIPlugin:80 - create IPUIPlugin
2023-07-28 16:42:44,518 [INFO] IPUIPlugin:80 - create IPUIPlugin
2023-07-28 16:42:44,518 [INFO] IPUIPlugin:80 - create IPUIPlugin
2023-07-28 16:42:44,518 [INFO] IPUIPlugin:80 - create IPUIPlugin
2023-07-28 16:42:44,519 [INFO] IPUIPlugin:80 - create IPUIPlugin
2023-07-28 16:42:44,519 [INFO] IPUIPlugin:80 - create IPUIPlugin
2023-07-28 16:42:44,520 [INFO] IPUIPlugin:80 - create IPUIPlugin
2023-07-28 16:42:44,520 [INFO] IPUIPlugin:80 - create IPUIPlugin
2023-07-28 16:42:44,520 [INFO] IPUIPlugin:80 - create IPUIPlugin
2023-07-28 16:42:44,521 [INFO] IPUIPlugin:80 - create IPUIPlugin
2023-07-28 16:42:44,521 [INFO] IPUIPlugin:80 - create IPUIPlugin
2023-07-28 16:42:44,522 [INFO] IPUIPlugin:80 - create IPUIPlugin
2023-07-28 16:42:44,522 [INFO] IPUIPlugin:80 - create IPUIPlugin
2023-07-28 16:42:44,522 [INFO] IPUIPlugin:80 - create IPUIPlugin
2023-07-28 16:42:44,523 [INFO] IPUIPlugin:80 - create IPUIPlugin
2023-07-28 16:42:44,523 [INFO] IPUIPlugin:80 - create IPUIPlugin
2023-07-28 16:42:44,524 [INFO] IPUIPlugin:80 - create IPUIPlugin
2023-07-28 16:42:44,524 [INFO] IPUIPlugin:80 - create IPUIPlugin
2023-07-28 16:42:44,525 [INFO] IPUIPlugin:80 - create IPUIPlugin
2023-07-28 16:42:44,525 [INFO] IPUIPlugin:80 - create IPUIPlugin
2023-07-28 16:42:44,526 [INFO] IPUIPlugin:80 - create IPUIPlugin
2023-07-28 16:42:44,526 [INFO] IPUIPlugin:80 - create IPUIPlugin
2023-07-28 16:42:44,527 [INFO] IPUIPlugin:80 - create IPUIPlugin
2023-07-28 16:42:44,527 [INFO] IPUIPlugin:80 - create IPUIPlugin
2023-07-28 16:42:44,528 [INFO] IPUIPlugin:80 - create IPUIPlugin
2023-07-28 16:42:44,528 [INFO] IPUIPlugin:80 - create IPUIPlugin
2023-07-28 16:42:44,529 [INFO] IPUIPlugin:80 - create IPUIPlugin
2023-07-28 16:42:44,529 [INFO] IPUIPlugin:80 - create IPUIPlugin
2023-07-28 16:42:44,530 [INFO] IPUIPlugin:80 - create IPUIPlugin
2023-07-28 16:42:44,530 [INFO] IPUIPlugin:80 - create IPUIPlugin
2023-07-28 16:42:44,531 [INFO] IPUIPlugin:80 - create IPUIPlugin
2023-07-28 16:42:44,532 [INFO] IPUIPlugin:80 - create IPUIPlugin
2023-07-28 16:42:44,532 [INFO] IPUIPlugin:80 - create IPUIPlugin
2023-07-28 16:42:44,533 [INFO] IPUIPlugin:80 - create IPUIPlugin
2023-07-28 16:42:44,534 [INFO] IPUIPlugin:80 - create IPUIPlugin
2023-07-28 16:42:44,535 [INFO] IPUIPlugin:80 - create IPUIPlugin
2023-07-28 16:42:44,536 [INFO] IPUIPlugin:80 - create IPUIPlugin
2023-07-28 16:42:44,536 [INFO] IPUIPlugin:80 - create IPUIPlugin
2023-07-28 16:42:44,599 [INFO] ApiDbMcu:507 - Load IP Config File for PDM2PCM
2023-07-28 16:42:44,818 [INFO] CADModel:165 - CPN selected for project levelSTM32F429ZIT6
2023-07-28 16:42:44,819 [INFO] CADModel:114 - Register for checkConnection events
2023-07-28 16:42:44,886 [INFO] OpenFileManager:328 - Restore cursor
2023-07-28 17:01:58,155 [INFO] UtilMem:75 - End SaveConfig() Used Memory: 536451016 Bytes (702545920)
2023-07-28 17:02:03,118 [INFO] UtilMem:75 - End SaveConfig() Used Memory: 531473232 Bytes (702545920)
2023-07-28 17:02:12,991 [INFO] UtilMem:75 - End SaveConfig() Used Memory: 615359312 Bytes (702545920)
2023-07-28 17:02:14,029 [INFO] BlockDiagram:2759 - set Specific Code input for plugin: SYS
2023-07-28 17:02:14,030 [INFO] BlockDiagram:2759 - set Specific Code input for plugin: RCC
2023-07-28 17:02:14,030 [INFO] BlockDiagram:2759 - set Specific Code input for plugin: NVIC
2023-07-28 17:02:14,032 [INFO] BlockDiagram:2759 - set Specific Code input for plugin: GPIO
2023-07-28 17:02:14,034 [INFO] CodeGenerator:793 - code generatio: config db path: C:\ST\STM32CubeIDE_1.12.1\STM32CubeIDE\plugins\com.st.stm32cube.common.mx_6.8.1.202304191431\\db\
2023-07-28 17:02:14,914 [INFO] CodeEngine:255 - oldGeneratedFile, C:\Users\MFIBADEK\STM32CubeIDE\workspace_1.12.1\LEDCntrl\MXTmpFiles\license.tmp_save
2023-07-28 17:02:15,580 [INFO] CodeEngine:279 - Generated code: C:\Users\MFIBADEK\STM32CubeIDE\workspace_1.12.1\LEDCntrl\MXTmpFiles\license.tmp
2023-07-28 17:02:15,891 [INFO] CodeEngine:255 - oldGeneratedFile, C:\Users\MFIBADEK\STM32CubeIDE\workspace_1.12.1\LEDCntrl\MXTmpFiles\gpio.tmp_save
2023-07-28 17:02:16,108 [INFO] CodeEngine:279 - Generated code: C:\Users\MFIBADEK\STM32CubeIDE\workspace_1.12.1\LEDCntrl\MXTmpFiles\gpio.tmp
2023-07-28 17:02:16,371 [INFO] CodeEngine:255 - oldGeneratedFile, C:\Users\MFIBADEK\STM32CubeIDE\workspace_1.12.1\LEDCntrl\Core\Src\stm32f4xx_it.c_save
2023-07-28 17:02:16,630 [INFO] CodeEngine:279 - Generated code: C:\Users\MFIBADEK\STM32CubeIDE\workspace_1.12.1\LEDCntrl\Core\Src\stm32f4xx_it.c
2023-07-28 17:02:16,646 [INFO] CodeEngine:255 - oldGeneratedFile, C:\Users\MFIBADEK\STM32CubeIDE\workspace_1.12.1\LEDCntrl\Core\Inc\stm32f4xx_it.h_save
2023-07-28 17:02:16,843 [INFO] CodeEngine:279 - Generated code: C:\Users\MFIBADEK\STM32CubeIDE\workspace_1.12.1\LEDCntrl\Core\Inc\stm32f4xx_it.h
2023-07-28 17:02:16,881 [INFO] CodeEngine:255 - oldGeneratedFile, C:\Users\MFIBADEK\STM32CubeIDE\workspace_1.12.1\LEDCntrl\Core\Src\stm32f4xx_hal_msp.c_save
2023-07-28 17:02:17,147 [INFO] CodeEngine:279 - Generated code: C:\Users\MFIBADEK\STM32CubeIDE\workspace_1.12.1\LEDCntrl\Core\Src\stm32f4xx_hal_msp.c
2023-07-28 17:02:17,157 [INFO] CodeEngine:255 - oldGeneratedFile, C:\Users\MFIBADEK\STM32CubeIDE\workspace_1.12.1\LEDCntrl\MXTmpFiles\system.tmp_save
2023-07-28 17:02:17,292 [INFO] CodeEngine:279 - Generated code: C:\Users\MFIBADEK\STM32CubeIDE\workspace_1.12.1\LEDCntrl\MXTmpFiles\system.tmp
2023-07-28 17:02:17,312 [INFO] CodeEngine:311 - oldGeneratedFile, C:\Users\MFIBADEK\STM32CubeIDE\workspace_1.12.1\LEDCntrl\Core\Inc\stm32f4xx_hal_conf.h_save
2023-07-28 17:02:17,478 [INFO] CodeEngine:335 - Generated code: C:\Users\MFIBADEK\STM32CubeIDE\workspace_1.12.1\LEDCntrl\Core\Inc\stm32f4xx_hal_conf.h
2023-07-28 17:02:17,593 [INFO] CodeEngine:255 - oldGeneratedFile, C:\Users\MFIBADEK\STM32CubeIDE\workspace_1.12.1\LEDCntrl\Core\Inc\main.h_save
2023-07-28 17:02:17,741 [INFO] CodeEngine:279 - Generated code: C:\Users\MFIBADEK\STM32CubeIDE\workspace_1.12.1\LEDCntrl\Core\Inc\main.h
2023-07-28 17:02:17,750 [INFO] CodeEngine:255 - oldGeneratedFile, C:\Users\MFIBADEK\STM32CubeIDE\workspace_1.12.1\LEDCntrl\Core\Src\main.c_save
2023-07-28 17:02:17,978 [INFO] CodeEngine:279 - Generated code: C:\Users\MFIBADEK\STM32CubeIDE\workspace_1.12.1\LEDCntrl\Core\Src\main.c
2023-07-28 17:02:19,433 [INFO] ProjectBuilder:2996 - Time for Copy HAL[1] : 294mS.
2023-07-28 17:02:19,450 [INFO] ProjectBuilder:4304 - Project Generator version: 3.19.2
2023-07-28 17:02:20,010 [INFO] ConfigFileManager:1483 - The Die is : DIE419
2023-07-28 17:02:20,025 [INFO] ApiDbMcu:507 - Load IP Config File for FATFS
2023-07-28 17:02:20,036 [INFO] ApiDbMcu:507 - Load IP Config File for FREERTOS
2023-07-28 17:02:20,058 [INFO] ApiDbMcu:507 - Load IP Config File for LIBJPEG
2023-07-28 17:02:20,073 [INFO] ApiDbMcu:507 - Load IP Config File for LWIP
2023-07-28 17:02:20,196 [INFO] ApiDbMcu:507 - Load IP Config File for MBEDTLS
2023-07-28 17:02:20,211 [INFO] ApiDbMcu:507 - Load IP Config File for USB_DEVICE
2023-07-28 17:02:20,218 [INFO] ApiDbMcu:507 - Load IP Config File for USB_HOST
2023-07-28 17:02:27,769 [INFO] LogOutputStream:77 - [STDOUT_REDIRECT] 
2023-07-28 17:02:43,570 [INFO] ProjectBuilder:4505 - Time for Generating toolchain IDE Files: 24117mS.
2023-07-28 17:02:43,572 [INFO] ProjectBuilder:2867 - Time for Copy CMSIS : 2mS.
2023-07-28 17:02:43,581 [INFO] ProjectBuilder:2867 - Time for Copy CMSIS : 0mS.
2023-07-28 17:52:02,748 [INFO] LogOutputStream:77 - [STDOUT_REDIRECT] StartTraceHandler.execute(), success : Collect=true
2023-07-28 17:55:08,149 [INFO] LogOutputStream:77 - [STDOUT_REDIRECT] StartTraceHandler.execute(), success : Collect=false
2023-07-28 17:55:17,780 [INFO] LogOutputStream:77 - [STDOUT_REDIRECT] StartTraceHandler.execute(), success : Collect=true
2023-07-28 17:58:27,251 [INFO] LogOutputStream:77 - [STDOUT_REDIRECT] StartTraceHandler.execute(), success : Collect=false
2023-07-28 17:58:34,609 [INFO] LogOutputStream:77 - [STDOUT_REDIRECT] StartTraceHandler.execute(), success : Collect=true
2023-07-28 18:01:39,342 [INFO] LogOutputStream:77 - [STDOUT_REDIRECT] StartTraceHandler.execute(), success : Collect=false
2023-07-28 18:03:04,867 [INFO] LogOutputStream:77 - [STDOUT_REDIRECT] StartTraceHandler.execute(), success : Collect=true
2023-07-28 18:03:50,970 [INFO] LogOutputStream:77 - [STDOUT_REDIRECT] StartTraceHandler.execute(), success : Collect=false
2023-07-28 18:05:08,721 [INFO] LogOutputStream:77 - [STDOUT_REDIRECT] StartTraceHandler.execute(), success : Collect=true
2023-07-28 18:05:11,537 [INFO] LogOutputStream:77 - [STDOUT_REDIRECT] StartTraceHandler.execute(), success : Collect=false
2023-07-28 18:05:12,831 [INFO] LogOutputStream:77 - [STDOUT_REDIRECT] StartTraceHandler.execute(), success : Collect=true
2023-07-28 18:05:15,897 [INFO] LogOutputStream:77 - [STDOUT_REDIRECT] StartTraceHandler.execute(), success : Collect=false
2023-07-28 18:05:19,137 [INFO] LogOutputStream:77 - [STDOUT_REDIRECT] StartTraceHandler.execute(), success : Collect=true
2023-07-28 18:05:20,030 [INFO] LogOutputStream:77 - [STDOUT_REDIRECT] StartTraceHandler.execute(), success : Collect=false
2023-07-28 18:05:21,435 [INFO] LogOutputStream:77 - [STDOUT_REDIRECT] StartTraceHandler.execute(), success : Collect=true
2023-07-28 18:10:31,958 [INFO] LogOutputStream:77 - [STDOUT_REDIRECT] StartTraceHandler.execute(), success : Collect=false
2023-07-28 18:10:44,588 [INFO] LogOutputStream:77 - [STDOUT_REDIRECT] StartTraceHandler.execute(), success : Collect=true
2023-07-28 18:13:59,463 [INFO] LogOutputStream:77 - [STDOUT_REDIRECT] StartTraceHandler.execute(), success : Collect=false
2023-07-28 18:16:06,238 [INFO] LogOutputStream:77 - [STDOUT_REDIRECT] StartTraceHandler.execute(), success : Collect=true
2023-07-28 18:16:10,094 [INFO] LogOutputStream:77 - [STDOUT_REDIRECT] StartTraceHandler.execute(), success : Collect=false
2023-07-28 18:16:13,860 [INFO] LogOutputStream:77 - [STDOUT_REDIRECT] StartTraceHandler.execute(), success : Collect=true
2023-07-28 18:16:20,479 [INFO] LogOutputStream:77 - [STDOUT_REDIRECT] StartTraceHandler.execute(), success : Collect=false
2023-07-28 18:16:22,310 [INFO] LogOutputStream:77 - [STDOUT_REDIRECT] StartTraceHandler.execute(), success : Collect=true
2023-07-28 18:17:21,546 [INFO] LogOutputStream:77 - [STDOUT_REDIRECT] StartTraceHandler.execute(), success : Collect=false
2023-07-28 18:17:36,068 [INFO] LogOutputStream:77 - [STDOUT_REDIRECT] StartTraceHandler.execute(), success : Collect=true
2023-07-28 18:23:04,100 [INFO] UtilMem:75 - End SaveConfig() Used Memory: 595039968 Bytes (1073741824)
2023-07-28 18:23:08,008 [INFO] UtilMem:75 - End SaveConfig() Used Memory: 621254352 Bytes (1073741824)
2023-07-28 18:23:12,789 [INFO] UtilMem:75 - End SaveConfig() Used Memory: 666537736 Bytes (1073741824)
2023-07-28 18:23:13,172 [INFO] BlockDiagram:2759 - set Specific Code input for plugin: RCC
2023-07-28 18:23:13,172 [INFO] BlockDiagram:2759 - set Specific Code input for plugin: NVIC
2023-07-28 18:23:13,174 [INFO] BlockDiagram:2759 - set Specific Code input for plugin: GPIO
2023-07-28 18:23:13,175 [INFO] CodeGenerator:793 - code generatio: config db path: C:\ST\STM32CubeIDE_1.12.1\STM32CubeIDE\plugins\com.st.stm32cube.common.mx_6.8.1.202304191431\\db\
2023-07-28 18:23:13,429 [INFO] CodeEngine:255 - oldGeneratedFile, C:\Users\MFIBADEK\STM32CubeIDE\workspace_1.12.1\LEDCntrl\MXTmpFiles\license.tmp_save
2023-07-28 18:23:13,584 [INFO] CodeEngine:279 - Generated code: C:\Users\MFIBADEK\STM32CubeIDE\workspace_1.12.1\LEDCntrl\MXTmpFiles\license.tmp
2023-07-28 18:23:13,784 [INFO] CodeEngine:255 - oldGeneratedFile, C:\Users\MFIBADEK\STM32CubeIDE\workspace_1.12.1\LEDCntrl\MXTmpFiles\gpio.tmp_save
2023-07-28 18:23:13,924 [INFO] CodeEngine:279 - Generated code: C:\Users\MFIBADEK\STM32CubeIDE\workspace_1.12.1\LEDCntrl\MXTmpFiles\gpio.tmp
2023-07-28 18:23:13,945 [INFO] CodeEngine:255 - oldGeneratedFile, C:\Users\MFIBADEK\STM32CubeIDE\workspace_1.12.1\LEDCntrl\Core\Src\stm32f4xx_it.c_save
2023-07-28 18:23:14,262 [INFO] CodeEngine:279 - Generated code: C:\Users\MFIBADEK\STM32CubeIDE\workspace_1.12.1\LEDCntrl\Core\Src\stm32f4xx_it.c
2023-07-28 18:23:14,270 [INFO] CodeEngine:255 - oldGeneratedFile, C:\Users\MFIBADEK\STM32CubeIDE\workspace_1.12.1\LEDCntrl\Core\Inc\stm32f4xx_it.h_save
2023-07-28 18:23:14,351 [INFO] CodeEngine:279 - Generated code: C:\Users\MFIBADEK\STM32CubeIDE\workspace_1.12.1\LEDCntrl\Core\Inc\stm32f4xx_it.h
2023-07-28 18:23:14,441 [INFO] CodeEngine:255 - oldGeneratedFile, C:\Users\MFIBADEK\STM32CubeIDE\workspace_1.12.1\LEDCntrl\Core\Src\stm32f4xx_hal_msp.c_save
2023-07-28 18:23:14,543 [INFO] CodeEngine:279 - Generated code: C:\Users\MFIBADEK\STM32CubeIDE\workspace_1.12.1\LEDCntrl\Core\Src\stm32f4xx_hal_msp.c
2023-07-28 18:23:14,549 [INFO] CodeEngine:255 - oldGeneratedFile, C:\Users\MFIBADEK\STM32CubeIDE\workspace_1.12.1\LEDCntrl\MXTmpFiles\system.tmp_save
2023-07-28 18:23:14,621 [INFO] CodeEngine:279 - Generated code: C:\Users\MFIBADEK\STM32CubeIDE\workspace_1.12.1\LEDCntrl\MXTmpFiles\system.tmp
2023-07-28 18:23:14,631 [INFO] CodeEngine:311 - oldGeneratedFile, C:\Users\MFIBADEK\STM32CubeIDE\workspace_1.12.1\LEDCntrl\Core\Inc\stm32f4xx_hal_conf.h_save
2023-07-28 18:23:14,702 [INFO] CodeEngine:335 - Generated code: C:\Users\MFIBADEK\STM32CubeIDE\workspace_1.12.1\LEDCntrl\Core\Inc\stm32f4xx_hal_conf.h
2023-07-28 18:23:14,728 [INFO] CodeEngine:255 - oldGeneratedFile, C:\Users\MFIBADEK\STM32CubeIDE\workspace_1.12.1\LEDCntrl\Core\Inc\main.h_save
2023-07-28 18:23:14,836 [INFO] CodeEngine:279 - Generated code: C:\Users\MFIBADEK\STM32CubeIDE\workspace_1.12.1\LEDCntrl\Core\Inc\main.h
2023-07-28 18:23:14,845 [INFO] CodeEngine:255 - oldGeneratedFile, C:\Users\MFIBADEK\STM32CubeIDE\workspace_1.12.1\LEDCntrl\Core\Src\main.c_save
2023-07-28 18:23:14,960 [INFO] CodeEngine:279 - Generated code: C:\Users\MFIBADEK\STM32CubeIDE\workspace_1.12.1\LEDCntrl\Core\Src\main.c
2023-07-28 18:23:15,677 [INFO] ProjectBuilder:2996 - Time for Copy HAL[1] : 186mS.
2023-07-28 18:23:15,681 [INFO] ProjectBuilder:4304 - Project Generator version: 3.19.2
2023-07-28 18:23:16,109 [INFO] ConfigFileManager:1483 - The Die is : DIE419
2023-07-28 18:23:17,757 [INFO] ProjectBuilder:4505 - Time for Generating toolchain IDE Files: 2077mS.
2023-07-28 18:23:17,758 [INFO] ProjectBuilder:2867 - Time for Copy CMSIS : 0mS.
2023-07-28 18:23:17,763 [INFO] ProjectBuilder:2867 - Time for Copy CMSIS : 1mS.
2023-07-28 18:35:23,992 [INFO] LogOutputStream:77 - [STDOUT_REDIRECT] StartTraceHandler.execute(), success : Collect=false
2023-07-28 18:37:37,401 [INFO] LogOutputStream:77 - [STDOUT_REDIRECT] StartTraceHandler.execute(), success : Collect=true
2023-07-28 18:37:42,288 [INFO] LogOutputStream:77 - [STDOUT_REDIRECT] StartTraceHandler.execute(), success : Collect=false
2023-07-28 18:37:43,480 [INFO] LogOutputStream:77 - [STDOUT_REDIRECT] StartTraceHandler.execute(), success : Collect=true
2023-07-28 18:37:52,374 [INFO] LogOutputStream:77 - [STDOUT_REDIRECT] StartTraceHandler.execute(), success : Collect=false
2023-07-28 18:37:56,595 [INFO] LogOutputStream:77 - [STDOUT_REDIRECT] StartTraceHandler.execute(), success : Collect=true
2023-07-28 18:40:53,780 [ERROR] LogOutputStream:75 - [STDERR_REDIRECT] Exception in thread "AWT-EventQueue-0" java.lang.ClassCastException: class sun.awt.windows.WEmbeddedFrame cannot be cast to class javax.swing.JFrame (sun.awt.windows.WEmbeddedFrame and javax.swing.JFrame are in module java.desktop of loader 'bootstrap')
2023-07-28 18:40:53,782 [ERROR] LogOutputStream:75 - [STDERR_REDIRECT] 	at com.st.microxplorer.plugins.clock.ClockConfigurationView.activatePlugin(ClockConfigurationView.java:425)
2023-07-28 18:40:53,783 [ERROR] LogOutputStream:75 - [STDERR_REDIRECT] 	at com.st.microxplorer.maingui.MainPanel$1.stateChanged(MainPanel.java:358)
2023-07-28 18:40:53,785 [ERROR] LogOutputStream:75 - [STDERR_REDIRECT] 	at java.desktop/javax.swing.JTabbedPane.fireStateChanged(JTabbedPane.java:418)
2023-07-28 18:40:53,787 [ERROR] LogOutputStream:75 - [STDERR_REDIRECT] 	at java.desktop/javax.swing.JTabbedPane$ModelListener.stateChanged(JTabbedPane.java:269)
2023-07-28 18:40:53,789 [ERROR] LogOutputStream:75 - [STDERR_REDIRECT] 	at java.desktop/javax.swing.DefaultSingleSelectionModel.fireStateChanged(DefaultSingleSelectionModel.java:143)
2023-07-28 18:40:53,790 [ERROR] LogOutputStream:75 - [STDERR_REDIRECT] 	at java.desktop/javax.swing.DefaultSingleSelectionModel.setSelectedIndex(DefaultSingleSelectionModel.java:74)
2023-07-28 18:40:53,791 [ERROR] LogOutputStream:75 - [STDERR_REDIRECT] 	at java.desktop/javax.swing.JTabbedPane.setSelectedIndexImpl(JTabbedPane.java:622)
2023-07-28 18:40:53,792 [ERROR] LogOutputStream:75 - [STDERR_REDIRECT] 	at java.desktop/javax.swing.JTabbedPane.setSelectedIndex(JTabbedPane.java:597)
2023-07-28 18:40:53,793 [ERROR] LogOutputStream:75 - [STDERR_REDIRECT] 	at java.desktop/javax.swing.plaf.basic.BasicTabbedPaneUI$Handler.mousePressed(BasicTabbedPaneUI.java:4090)
2023-07-28 18:40:53,794 [ERROR] LogOutputStream:75 - [STDERR_REDIRECT] 	at java.desktop/java.awt.Component.processMouseEvent(Component.java:6632)
2023-07-28 18:40:53,796 [ERROR] LogOutputStream:75 - [STDERR_REDIRECT] 	at java.desktop/javax.swing.JComponent.processMouseEvent(JComponent.java:3342)
2023-07-28 18:40:53,797 [ERROR] LogOutputStream:75 - [STDERR_REDIRECT] 	at java.desktop/java.awt.Component.processEvent(Component.java:6400)
2023-07-28 18:40:53,798 [ERROR] LogOutputStream:75 - [STDERR_REDIRECT] 	at java.desktop/java.awt.Container.processEvent(Container.java:2263)
2023-07-28 18:40:53,799 [ERROR] LogOutputStream:75 - [STDERR_REDIRECT] 	at java.desktop/java.awt.Component.dispatchEventImpl(Component.java:5011)
2023-07-28 18:40:53,800 [ERROR] LogOutputStream:75 - [STDERR_REDIRECT] 	at java.desktop/java.awt.Container.dispatchEventImpl(Container.java:2321)
2023-07-28 18:40:53,802 [ERROR] LogOutputStream:75 - [STDERR_REDIRECT] 	at java.desktop/java.awt.Component.dispatchEvent(Component.java:4843)
2023-07-28 18:40:53,803 [ERROR] LogOutputStream:75 - [STDERR_REDIRECT] 	at java.desktop/java.awt.LightweightDispatcher.retargetMouseEvent(Container.java:4918)
2023-07-28 18:40:53,804 [ERROR] LogOutputStream:75 - [STDERR_REDIRECT] 	at java.desktop/java.awt.LightweightDispatcher.processMouseEvent(Container.java:4544)
2023-07-28 18:40:53,805 [ERROR] LogOutputStream:75 - [STDERR_REDIRECT] 	at java.desktop/java.awt.LightweightDispatcher.dispatchEvent(Container.java:4488)
2023-07-28 18:40:53,806 [ERROR] LogOutputStream:75 - [STDERR_REDIRECT] 	at java.desktop/java.awt.Container.dispatchEventImpl(Container.java:2307)
2023-07-28 18:40:53,806 [ERROR] LogOutputStream:75 - [STDERR_REDIRECT] 	at java.desktop/java.awt.Component.dispatchEvent(Component.java:4843)
2023-07-28 18:40:53,807 [ERROR] LogOutputStream:75 - [STDERR_REDIRECT] 	at java.desktop/java.awt.EventQueue.dispatchEventImpl(EventQueue.java:772)
2023-07-28 18:40:53,808 [ERROR] LogOutputStream:75 - [STDERR_REDIRECT] 	at java.desktop/java.awt.EventQueue$4.run(EventQueue.java:721)
2023-07-28 18:40:53,809 [ERROR] LogOutputStream:75 - [STDERR_REDIRECT] 	at java.desktop/java.awt.EventQueue$4.run(EventQueue.java:715)
2023-07-28 18:40:53,810 [ERROR] LogOutputStream:75 - [STDERR_REDIRECT] 	at java.base/java.security.AccessController.doPrivileged(Native Method)
2023-07-28 18:40:53,812 [ERROR] LogOutputStream:75 - [STDERR_REDIRECT] 	at java.base/java.security.ProtectionDomain$JavaSecurityAccessImpl.doIntersectionPrivilege(ProtectionDomain.java:85)
2023-07-28 18:40:53,813 [ERROR] LogOutputStream:75 - [STDERR_REDIRECT] 	at java.base/java.security.ProtectionDomain$JavaSecurityAccessImpl.doIntersectionPrivilege(ProtectionDomain.java:95)
2023-07-28 18:40:53,814 [ERROR] LogOutputStream:75 - [STDERR_REDIRECT] 	at java.desktop/java.awt.EventQueue$5.run(EventQueue.java:745)
2023-07-28 18:40:53,815 [ERROR] LogOutputStream:75 - [STDERR_REDIRECT] 	at java.desktop/java.awt.EventQueue$5.run(EventQueue.java:743)
2023-07-28 18:40:53,816 [ERROR] LogOutputStream:75 - [STDERR_REDIRECT] 	at java.base/java.security.AccessController.doPrivileged(Native Method)
2023-07-28 18:40:53,817 [ERROR] LogOutputStream:75 - [STDERR_REDIRECT] 	at java.base/java.security.ProtectionDomain$JavaSecurityAccessImpl.doIntersectionPrivilege(ProtectionDomain.java:85)
2023-07-28 18:40:53,818 [ERROR] LogOutputStream:75 - [STDERR_REDIRECT] 	at java.desktop/java.awt.EventQueue.dispatchEvent(EventQueue.java:742)
2023-07-28 18:40:53,819 [ERROR] LogOutputStream:75 - [STDERR_REDIRECT] 	at java.desktop/java.awt.EventDispatchThread.pumpOneEventForFilters(EventDispatchThread.java:203)
2023-07-28 18:40:53,820 [ERROR] LogOutputStream:75 - [STDERR_REDIRECT] 	at java.desktop/java.awt.EventDispatchThread.pumpEventsForFilter(EventDispatchThread.java:124)
2023-07-28 18:40:53,821 [ERROR] LogOutputStream:75 - [STDERR_REDIRECT] 	at java.desktop/java.awt.EventDispatchThread.pumpEventsForHierarchy(EventDispatchThread.java:113)
2023-07-28 18:40:53,822 [ERROR] LogOutputStream:75 - [STDERR_REDIRECT] 	at java.desktop/java.awt.EventDispatchThread.pumpEvents(EventDispatchThread.java:109)
2023-07-28 18:40:53,823 [ERROR] LogOutputStream:75 - [STDERR_REDIRECT] 	at java.desktop/java.awt.EventDispatchThread.pumpEvents(EventDispatchThread.java:101)
2023-07-28 18:40:53,824 [ERROR] LogOutputStream:75 - [STDERR_REDIRECT] 	at java.desktop/java.awt.EventDispatchThread.run(EventDispatchThread.java:90)
2023-07-28 18:42:05,457 [INFO] UtilMem:75 - End SaveConfig() Used Memory: 612636128 Bytes (1073741824)
2023-07-28 18:42:07,114 [INFO] UtilMem:75 - End SaveConfig() Used Memory: 638324192 Bytes (1073741824)
2023-07-28 18:42:10,339 [INFO] UtilMem:75 - End SaveConfig() Used Memory: 680793568 Bytes (1073741824)
2023-07-28 18:42:10,815 [INFO] BlockDiagram:2759 - set Specific Code input for plugin: RCC
2023-07-28 18:42:10,815 [INFO] BlockDiagram:2759 - set Specific Code input for plugin: NVIC
2023-07-28 18:42:10,816 [INFO] BlockDiagram:2759 - set Specific Code input for plugin: GPIO
2023-07-28 18:42:10,817 [INFO] CodeGenerator:793 - code generatio: config db path: C:\ST\STM32CubeIDE_1.12.1\STM32CubeIDE\plugins\com.st.stm32cube.common.mx_6.8.1.202304191431\\db\
2023-07-28 18:42:11,036 [INFO] CodeEngine:255 - oldGeneratedFile, C:\Users\MFIBADEK\STM32CubeIDE\workspace_1.12.1\LEDCntrl\MXTmpFiles\license.tmp_save
2023-07-28 18:42:11,119 [INFO] CodeEngine:279 - Generated code: C:\Users\MFIBADEK\STM32CubeIDE\workspace_1.12.1\LEDCntrl\MXTmpFiles\license.tmp
2023-07-28 18:42:11,268 [INFO] CodeEngine:255 - oldGeneratedFile, C:\Users\MFIBADEK\STM32CubeIDE\workspace_1.12.1\LEDCntrl\MXTmpFiles\gpio.tmp_save
2023-07-28 18:42:11,391 [INFO] CodeEngine:279 - Generated code: C:\Users\MFIBADEK\STM32CubeIDE\workspace_1.12.1\LEDCntrl\MXTmpFiles\gpio.tmp
2023-07-28 18:42:11,411 [INFO] CodeEngine:255 - oldGeneratedFile, C:\Users\MFIBADEK\STM32CubeIDE\workspace_1.12.1\LEDCntrl\Core\Src\stm32f4xx_it.c_save
2023-07-28 18:42:11,582 [INFO] CodeEngine:279 - Generated code: C:\Users\MFIBADEK\STM32CubeIDE\workspace_1.12.1\LEDCntrl\Core\Src\stm32f4xx_it.c
2023-07-28 18:42:11,589 [INFO] CodeEngine:255 - oldGeneratedFile, C:\Users\MFIBADEK\STM32CubeIDE\workspace_1.12.1\LEDCntrl\Core\Inc\stm32f4xx_it.h_save
2023-07-28 18:42:11,652 [INFO] CodeEngine:279 - Generated code: C:\Users\MFIBADEK\STM32CubeIDE\workspace_1.12.1\LEDCntrl\Core\Inc\stm32f4xx_it.h
2023-07-28 18:42:11,749 [INFO] CodeEngine:255 - oldGeneratedFile, C:\Users\MFIBADEK\STM32CubeIDE\workspace_1.12.1\LEDCntrl\Core\Src\stm32f4xx_hal_msp.c_save
2023-07-28 18:42:11,828 [INFO] CodeEngine:279 - Generated code: C:\Users\MFIBADEK\STM32CubeIDE\workspace_1.12.1\LEDCntrl\Core\Src\stm32f4xx_hal_msp.c
2023-07-28 18:42:11,832 [INFO] CodeEngine:255 - oldGeneratedFile, C:\Users\MFIBADEK\STM32CubeIDE\workspace_1.12.1\LEDCntrl\MXTmpFiles\system.tmp_save
2023-07-28 18:42:11,882 [INFO] CodeEngine:279 - Generated code: C:\Users\MFIBADEK\STM32CubeIDE\workspace_1.12.1\LEDCntrl\MXTmpFiles\system.tmp
2023-07-28 18:42:11,891 [INFO] CodeEngine:311 - oldGeneratedFile, C:\Users\MFIBADEK\STM32CubeIDE\workspace_1.12.1\LEDCntrl\Core\Inc\stm32f4xx_hal_conf.h_save
2023-07-28 18:42:11,953 [INFO] CodeEngine:335 - Generated code: C:\Users\MFIBADEK\STM32CubeIDE\workspace_1.12.1\LEDCntrl\Core\Inc\stm32f4xx_hal_conf.h
2023-07-28 18:42:11,973 [INFO] CodeEngine:255 - oldGeneratedFile, C:\Users\MFIBADEK\STM32CubeIDE\workspace_1.12.1\LEDCntrl\Core\Inc\main.h_save
2023-07-28 18:42:12,037 [INFO] CodeEngine:279 - Generated code: C:\Users\MFIBADEK\STM32CubeIDE\workspace_1.12.1\LEDCntrl\Core\Inc\main.h
2023-07-28 18:42:12,043 [INFO] CodeEngine:255 - oldGeneratedFile, C:\Users\MFIBADEK\STM32CubeIDE\workspace_1.12.1\LEDCntrl\Core\Src\main.c_save
2023-07-28 18:42:12,138 [INFO] CodeEngine:279 - Generated code: C:\Users\MFIBADEK\STM32CubeIDE\workspace_1.12.1\LEDCntrl\Core\Src\main.c
2023-07-28 18:42:12,827 [INFO] ProjectBuilder:2996 - Time for Copy HAL[1] : 191mS.
2023-07-28 18:42:12,832 [INFO] ProjectBuilder:4304 - Project Generator version: 3.19.2
2023-07-28 18:42:13,250 [INFO] ConfigFileManager:1483 - The Die is : DIE419
2023-07-28 18:42:14,759 [INFO] ProjectBuilder:4505 - Time for Generating toolchain IDE Files: 1927mS.
2023-07-28 18:42:14,761 [INFO] ProjectBuilder:2867 - Time for Copy CMSIS : 2mS.
2023-07-28 18:42:14,765 [INFO] ProjectBuilder:2867 - Time for Copy CMSIS : 1mS.
2023-07-28 18:43:59,040 [INFO] LogOutputStream:77 - [STDOUT_REDIRECT] StartTraceHandler.execute(), success : Collect=false
2023-07-28 18:44:07,611 [INFO] LogOutputStream:77 - [STDOUT_REDIRECT] StartTraceHandler.execute(), success : Collect=true
2023-07-28 18:46:33,687 [INFO] LogOutputStream:77 - [STDOUT_REDIRECT] StartTraceHandler.execute(), success : Collect=false
2023-07-28 18:46:41,922 [INFO] LogOutputStream:77 - [STDOUT_REDIRECT] StartTraceHandler.execute(), success : Collect=true
2023-07-28 18:47:53,750 [INFO] LogOutputStream:77 - [STDOUT_REDIRECT] StartTraceHandler.execute(), success : Collect=false
2023-07-28 18:47:57,764 [INFO] LogOutputStream:77 - [STDOUT_REDIRECT] StartTraceHandler.execute(), success : Collect=true
2023-07-28 18:48:26,135 [INFO] LogOutputStream:77 - [STDOUT_REDIRECT] StartTraceHandler.execute(), success : Collect=false
2023-07-28 18:48:40,228 [INFO] LogOutputStream:77 - [STDOUT_REDIRECT] StartTraceHandler.execute(), success : Collect=true
2023-07-28 18:49:00,707 [INFO] LogOutputStream:77 - [STDOUT_REDIRECT] StartTraceHandler.execute(), success : Collect=false
2023-07-28 18:49:13,341 [INFO] LogOutputStream:77 - [STDOUT_REDIRECT] StartTraceHandler.execute(), success : Collect=true
2023-07-28 18:49:25,177 [INFO] LogOutputStream:77 - [STDOUT_REDIRECT] StartTraceHandler.execute(), success : Collect=false
2023-07-28 18:49:28,118 [INFO] LogOutputStream:77 - [STDOUT_REDIRECT] StartTraceHandler.execute(), success : Collect=true
2023-07-28 18:50:18,891 [INFO] UtilMem:75 - End SaveConfig() Used Memory: 593826488 Bytes (1073741824)
2023-07-28 18:50:21,015 [INFO] UtilMem:75 - End SaveConfig() Used Memory: 693456088 Bytes (1073741824)
2023-07-28 18:50:23,174 [INFO] UtilMem:75 - End SaveConfig() Used Memory: 587428056 Bytes (1073741824)
2023-07-28 18:50:23,520 [INFO] BlockDiagram:2759 - set Specific Code input for plugin: SYS
2023-07-28 18:50:23,520 [INFO] BlockDiagram:2759 - set Specific Code input for plugin: RCC
2023-07-28 18:50:23,520 [INFO] BlockDiagram:2759 - set Specific Code input for plugin: NVIC
2023-07-28 18:50:23,521 [INFO] BlockDiagram:2759 - set Specific Code input for plugin: GPIO
2023-07-28 18:50:23,523 [INFO] CodeGenerator:793 - code generatio: config db path: C:\ST\STM32CubeIDE_1.12.1\STM32CubeIDE\plugins\com.st.stm32cube.common.mx_6.8.1.202304191431\\db\
2023-07-28 18:50:23,734 [INFO] CodeEngine:255 - oldGeneratedFile, C:\Users\MFIBADEK\STM32CubeIDE\workspace_1.12.1\LEDCntrl\MXTmpFiles\license.tmp_save
2023-07-28 18:50:23,819 [INFO] CodeEngine:279 - Generated code: C:\Users\MFIBADEK\STM32CubeIDE\workspace_1.12.1\LEDCntrl\MXTmpFiles\license.tmp
2023-07-28 18:50:23,944 [INFO] CodeEngine:255 - oldGeneratedFile, C:\Users\MFIBADEK\STM32CubeIDE\workspace_1.12.1\LEDCntrl\MXTmpFiles\gpio.tmp_save
2023-07-28 18:50:24,020 [INFO] CodeEngine:279 - Generated code: C:\Users\MFIBADEK\STM32CubeIDE\workspace_1.12.1\LEDCntrl\MXTmpFiles\gpio.tmp
2023-07-28 18:50:24,170 [INFO] CodeEngine:255 - oldGeneratedFile, C:\Users\MFIBADEK\STM32CubeIDE\workspace_1.12.1\LEDCntrl\Core\Src\stm32f4xx_it.c_save
2023-07-28 18:50:24,343 [INFO] CodeEngine:279 - Generated code: C:\Users\MFIBADEK\STM32CubeIDE\workspace_1.12.1\LEDCntrl\Core\Src\stm32f4xx_it.c
2023-07-28 18:50:24,349 [INFO] CodeEngine:255 - oldGeneratedFile, C:\Users\MFIBADEK\STM32CubeIDE\workspace_1.12.1\LEDCntrl\Core\Inc\stm32f4xx_it.h_save
2023-07-28 18:50:24,401 [INFO] CodeEngine:279 - Generated code: C:\Users\MFIBADEK\STM32CubeIDE\workspace_1.12.1\LEDCntrl\Core\Inc\stm32f4xx_it.h
2023-07-28 18:50:24,411 [INFO] CodeEngine:255 - oldGeneratedFile, C:\Users\MFIBADEK\STM32CubeIDE\workspace_1.12.1\LEDCntrl\Core\Src\stm32f4xx_hal_msp.c_save
2023-07-28 18:50:24,492 [INFO] CodeEngine:279 - Generated code: C:\Users\MFIBADEK\STM32CubeIDE\workspace_1.12.1\LEDCntrl\Core\Src\stm32f4xx_hal_msp.c
2023-07-28 18:50:24,496 [INFO] CodeEngine:255 - oldGeneratedFile, C:\Users\MFIBADEK\STM32CubeIDE\workspace_1.12.1\LEDCntrl\MXTmpFiles\system.tmp_save
2023-07-28 18:50:24,544 [INFO] CodeEngine:279 - Generated code: C:\Users\MFIBADEK\STM32CubeIDE\workspace_1.12.1\LEDCntrl\MXTmpFiles\system.tmp
2023-07-28 18:50:24,552 [INFO] CodeEngine:311 - oldGeneratedFile, C:\Users\MFIBADEK\STM32CubeIDE\workspace_1.12.1\LEDCntrl\Core\Inc\stm32f4xx_hal_conf.h_save
2023-07-28 18:50:24,609 [INFO] CodeEngine:335 - Generated code: C:\Users\MFIBADEK\STM32CubeIDE\workspace_1.12.1\LEDCntrl\Core\Inc\stm32f4xx_hal_conf.h
2023-07-28 18:50:24,626 [INFO] CodeEngine:255 - oldGeneratedFile, C:\Users\MFIBADEK\STM32CubeIDE\workspace_1.12.1\LEDCntrl\Core\Inc\main.h_save
2023-07-28 18:50:24,688 [INFO] CodeEngine:279 - Generated code: C:\Users\MFIBADEK\STM32CubeIDE\workspace_1.12.1\LEDCntrl\Core\Inc\main.h
2023-07-28 18:50:24,693 [INFO] CodeEngine:255 - oldGeneratedFile, C:\Users\MFIBADEK\STM32CubeIDE\workspace_1.12.1\LEDCntrl\Core\Src\main.c_save
2023-07-28 18:50:24,777 [INFO] CodeEngine:279 - Generated code: C:\Users\MFIBADEK\STM32CubeIDE\workspace_1.12.1\LEDCntrl\Core\Src\main.c
2023-07-28 18:50:25,513 [INFO] ProjectBuilder:2996 - Time for Copy HAL[1] : 191mS.
2023-07-28 18:50:25,517 [INFO] ProjectBuilder:4304 - Project Generator version: 3.19.2
2023-07-28 18:50:25,886 [INFO] ConfigFileManager:1483 - The Die is : DIE419
2023-07-28 18:50:27,359 [INFO] ProjectBuilder:4505 - Time for Generating toolchain IDE Files: 1843mS.
2023-07-28 18:50:27,360 [INFO] ProjectBuilder:2867 - Time for Copy CMSIS : 1mS.
2023-07-28 18:50:27,364 [INFO] ProjectBuilder:2867 - Time for Copy CMSIS : 0mS.
2023-07-28 18:51:29,650 [INFO] MainUpdater:2854 - connection check result : 10
2023-07-28 18:51:29,650 [INFO] MainUpdater:2854 - connection check result : 10
2023-07-28 18:51:29,692 [INFO] MicroXplorer:468 - Change Database Path : 
2023-07-28 18:51:29,692 [INFO] MicroXplorer:498 - Change Database Version : DB.6.0.81
2023-07-28 18:51:29,706 [WARN] ThirdParty:871 - waiting for thirdparty lock release [close project]
2023-07-28 18:51:29,706 [INFO] ThirdParty:873 - entering critical section [close project]
2023-07-28 18:51:29,706 [INFO] ThirdParty:883 - exiting critical section [close project]
2023-07-28 18:51:29,707 [INFO] PinOutPanel:1499 - setPackage(No Configuration,No Configuration)
2023-07-28 18:51:29,715 [WARN] IpParametersView:150 - Warning: This peripheral hasn't parameters
2023-07-28 18:51:29,721 [WARN] MainPanel:257 - <html><b><center>Warning: This peripheral has no parameters to be configured<br></b></html>
2023-07-28 18:51:29,732 [INFO] UtilMem:75 - Begin LoadConfig() Used Memory: 602171096 Bytes (1073741824)
2023-07-28 18:51:29,733 [INFO] MicroXplorer:468 - Change Database Path : 
2023-07-28 18:51:29,733 [INFO] MicroXplorer:498 - Change Database Version : DB.6.0.81
2023-07-28 18:51:29,734 [INFO] OpenFileManager:308 - Change cursor
2023-07-28 18:51:29,755 [INFO] RulesReader:64 - Compatibility file has been processed (293 Rules)
2023-07-28 18:51:29,760 [INFO] Mcu:1937 - Initializing MCU STM32F429ZITx STM32F429ZITx STM32F429ZIT6
2023-07-28 18:51:31,436 [INFO] Context:659 - Trying to add GPIOservice into a context  which must be forbidden
2023-07-28 18:51:31,914 [INFO] RtosManager:555 - Registered RTOS mode: class=CMSIS, group=RTOS, mode=CMSIS_V1, owner=FREERTOS
2023-07-28 18:51:31,914 [INFO] RtosManager:555 - Registered RTOS mode: class=CMSIS, group=RTOS2, mode=CMSIS_V2, owner=FREERTOS
2023-07-28 18:51:31,914 [INFO] RtosManager:555 - Registered RTOS mode: class=RTOS, group=Core, mode=CMSIS_V1, owner=FREERTOS
2023-07-28 18:51:31,914 [INFO] RtosManager:555 - Registered RTOS mode: class=RTOS, group=Core, mode=CMSIS_V2, owner=FREERTOS
2023-07-28 18:51:31,915 [WARN] ModelIntegratedComponent:184 - Missing modes for component STMicroelectronics:FreeRTOS:0.0.1:STMicroelectronics:RTOS:FreeRTOS:Core:::10.2.0:
2023-07-28 18:51:31,922 [WARN] ModelIntegratedComponent:63 - No mode defined for component null
2023-07-28 18:51:31,922 [WARN] ModelIntegratedComponent:63 - No mode defined for component null
2023-07-28 18:51:31,922 [WARN] ModelIntegratedComponent:63 - No mode defined for component null
2023-07-28 18:51:31,922 [WARN] ModelIntegratedComponent:63 - No mode defined for component null
2023-07-28 18:51:31,922 [WARN] ModelIntegratedComponent:63 - No mode defined for component null
2023-07-28 18:51:31,922 [WARN] ModelIntegratedComponent:63 - No mode defined for component null
2023-07-28 18:51:31,922 [WARN] ModelIntegratedComponent:63 - No mode defined for component null
2023-07-28 18:51:31,922 [WARN] ModelIntegratedComponent:63 - No mode defined for component null
2023-07-28 18:51:31,922 [WARN] ModelIntegratedComponent:63 - No mode defined for component null
2023-07-28 18:51:31,922 [WARN] ModelIntegratedComponent:63 - No mode defined for component null
2023-07-28 18:51:31,922 [WARN] ModelIntegratedComponent:63 - No mode defined for component null
2023-07-28 18:51:31,922 [WARN] ModelIntegratedComponent:63 - No mode defined for component null
2023-07-28 18:51:31,922 [WARN] ModelIntegratedComponent:63 - No mode defined for component null
2023-07-28 18:51:31,922 [WARN] ModelIntegratedComponent:63 - No mode defined for component null
2023-07-28 18:51:31,922 [WARN] ModelIntegratedComponent:63 - No mode defined for component null
2023-07-28 18:51:31,923 [WARN] ModelIntegratedComponent:63 - No mode defined for component null
2023-07-28 18:51:31,923 [WARN] ModelIntegratedComponent:63 - No mode defined for component null
2023-07-28 18:51:31,923 [WARN] ModelIntegratedComponent:63 - No mode defined for component null
2023-07-28 18:51:31,923 [WARN] ModelIntegratedComponent:63 - No mode defined for component null
2023-07-28 18:51:31,923 [WARN] ModelIntegratedComponent:63 - No mode defined for component null
2023-07-28 18:51:31,923 [WARN] ModelIntegratedComponent:63 - No mode defined for component null
2023-07-28 18:51:31,923 [WARN] ModelIntegratedComponent:63 - No mode defined for component null
2023-07-28 18:51:31,923 [WARN] ModelIntegratedComponent:63 - No mode defined for component null
2023-07-28 18:51:31,923 [WARN] ModelIntegratedComponent:63 - No mode defined for component null
2023-07-28 18:51:31,923 [WARN] ModelIntegratedComponent:63 - No mode defined for component null
2023-07-28 18:51:31,923 [WARN] ModelIntegratedComponent:63 - No mode defined for component null
2023-07-28 18:51:31,923 [WARN] ModelIntegratedComponent:63 - No mode defined for component null
2023-07-28 18:51:31,923 [WARN] ModelIntegratedComponent:63 - No mode defined for component null
2023-07-28 18:51:31,923 [WARN] ModelIntegratedComponent:63 - No mode defined for component null
2023-07-28 18:51:31,923 [WARN] ModelIntegratedComponent:63 - No mode defined for component null
2023-07-28 18:51:31,923 [WARN] ModelIntegratedComponent:63 - No mode defined for component null
2023-07-28 18:51:31,923 [WARN] ModelIntegratedComponent:63 - No mode defined for component null
2023-07-28 18:51:31,923 [WARN] ModelIntegratedComponent:63 - No mode defined for component null
2023-07-28 18:51:31,932 [INFO] ThirdPartyModel:298 - Start build external matchings
2023-07-28 18:51:32,177 [INFO] ThirdPartyModel:316 - End build external matchings
2023-07-28 18:51:32,441 [INFO] UtilMem:75 - End LoadConfig() Used Memory: 838354776 Bytes (1073741824)
2023-07-28 18:51:32,496 [WARN] ThirdParty:833 - waiting for thirdparty lock release [change project]
2023-07-28 18:51:32,497 [INFO] ThirdParty:835 - entering critical section [change project]
2023-07-28 18:51:32,497 [INFO] ThirdParty:1030 - CMSIS Pack Vendor :STMicroelectronics X-CUBE-ISPU 1.1.0
2023-07-28 18:51:32,497 [INFO] ThirdParty:1030 - CMSIS Pack Vendor :STMicroelectronics X-CUBE-GNSS1 6.0.0
2023-07-28 18:51:32,497 [INFO] ThirdParty:1030 - CMSIS Pack Vendor :STMicroelectronics USB_HOST 2.0.0
2023-07-28 18:51:32,497 [INFO] ThirdParty:1030 - CMSIS Pack Vendor :STMicroelectronics X-CUBE-AZRTOS-F4 1.1.0
2023-07-28 18:51:32,497 [INFO] ThirdParty:1030 - CMSIS Pack Vendor :STMicroelectronics LIBJPEG 8.0.0
2023-07-28 18:51:32,497 [INFO] ThirdParty:1030 - CMSIS Pack Vendor :wolfSSL I-CUBE-wolfSSL 5.6.3
2023-07-28 18:51:32,497 [INFO] ThirdParty:1030 - CMSIS Pack Vendor :STMicroelectronics X-CUBE-SMBUS 2.1.0
2023-07-28 18:51:32,498 [INFO] ThirdParty:1030 - CMSIS Pack Vendor :STMicroelectronics USB_DEVICE 3.0.0
2023-07-28 18:51:32,498 [INFO] ThirdParty:1030 - CMSIS Pack Vendor :STMicroelectronics X-CUBE-FREERTOS 1.0.1
2023-07-28 18:51:32,498 [INFO] ThirdParty:1030 - CMSIS Pack Vendor :STMicroelectronics X-CUBE-AZRTOS-F7 1.1.0
2023-07-28 18:51:32,498 [INFO] ThirdParty:1030 - CMSIS Pack Vendor :STMicroelectronics USB_DEVICE 2.0.0
2023-07-28 18:51:32,498 [INFO] ThirdParty:1030 - CMSIS Pack Vendor :STMicroelectronics X-CUBE-MEMS1 9.6.0
2023-07-28 18:51:32,498 [INFO] ThirdParty:1030 - CMSIS Pack Vendor :STMicroelectronics FP-SNS-MOTENV1 4.3.2
2023-07-28 18:51:32,498 [INFO] ThirdParty:1030 - CMSIS Pack Vendor :STMicroelectronics X-CUBE-ALGOBUILD 1.3.0
2023-07-28 18:51:32,498 [INFO] ThirdParty:1030 - CMSIS Pack Vendor :STMicroelectronics X-CUBE-BLE1 6.2.4
2023-07-28 18:51:32,498 [INFO] ThirdParty:1030 - CMSIS Pack Vendor :STMicroelectronics X-CUBE-AZRTOS-L5 1.1.0
2023-07-28 18:51:32,498 [INFO] ThirdParty:1030 - CMSIS Pack Vendor :STMicroelectronics FreeRTOS 0.0.1
2023-07-28 18:51:32,498 [INFO] ThirdParty:1030 - CMSIS Pack Vendor :STMicroelectronics X-CUBE-AZRTOS-G0 1.1.0
2023-07-28 18:51:32,499 [INFO] ThirdParty:1030 - CMSIS Pack Vendor :STMicroelectronics X-CUBE-BLEMGR 2.0.0
2023-07-28 18:51:32,499 [INFO] ThirdParty:1030 - CMSIS Pack Vendor :STMicroelectronics X-CUBE-AI 8.0.1
2023-07-28 18:51:32,499 [INFO] ThirdParty:1030 - CMSIS Pack Vendor :STMicroelectronics X-CUBE-NFC4 3.0.0
2023-07-28 18:51:32,499 [INFO] ThirdParty:1030 - CMSIS Pack Vendor :STMicroelectronics X-CUBE-SUBG2 5.0.0
2023-07-28 18:51:32,499 [INFO] ThirdParty:1030 - CMSIS Pack Vendor :STMicroelectronics STM32_WPAN 1.0.0
2023-07-28 18:51:32,499 [INFO] ThirdParty:1030 - CMSIS Pack Vendor :STMicroelectronics lwIP 2.0.3
2023-07-28 18:51:32,499 [INFO] ThirdParty:1030 - CMSIS Pack Vendor :STMicroelectronics FP-SNS-FLIGHT1 5.0.2
2023-07-28 18:51:32,499 [INFO] ThirdParty:1030 - CMSIS Pack Vendor :STMicroelectronics USB_HOST 1.0.0
2023-07-28 18:51:32,499 [INFO] ThirdParty:1030 - CMSIS Pack Vendor :STMicroelectronics X-CUBE-TOF1 3.3.1
2023-07-28 18:51:32,499 [INFO] ThirdParty:1030 - CMSIS Pack Vendor :STMicroelectronics X-CUBE-AZRTOS-G4 2.0.0
2023-07-28 18:51:32,499 [INFO] ThirdParty:1030 - CMSIS Pack Vendor :STMicroelectronics PDM2PCM 3.1.0
2023-07-28 18:51:32,499 [INFO] ThirdParty:1030 - CMSIS Pack Vendor :STMicroelectronics X-CUBE-AZRTOS-H7 3.1.0
2023-07-28 18:51:32,500 [INFO] ThirdParty:1030 - CMSIS Pack Vendor :STMicroelectronics PDM2PCM 3.3.0
2023-07-28 18:51:32,500 [INFO] ThirdParty:1030 - CMSIS Pack Vendor :STMicroelectronics X-CUBE-DISPLAY 3.0.0
2023-07-28 18:51:32,500 [INFO] ThirdParty:1030 - CMSIS Pack Vendor :STMicroelectronics FP-ATR-SIGFOX1 3.2.0
2023-07-28 18:51:32,500 [INFO] ThirdParty:1030 - CMSIS Pack Vendor :STMicroelectronics HAL Drivers 0.0.0
2023-07-28 18:51:32,500 [INFO] ThirdParty:1030 - CMSIS Pack Vendor :STMicroelectronics MBEDTLS 2.16.2
2023-07-28 18:51:32,500 [INFO] ThirdParty:1030 - CMSIS Pack Vendor :emotas I-CUBE-CANOPEN 1.3.0
2023-07-28 18:51:32,500 [INFO] ThirdParty:1030 - CMSIS Pack Vendor :STMicroelectronics X-CUBE-TOUCHGFX 4.22.0
2023-07-28 18:51:32,500 [INFO] ThirdParty:1030 - CMSIS Pack Vendor :STMicroelectronics X-CUBE-NFC7 1.0.1
2023-07-28 18:51:32,500 [INFO] ThirdParty:1030 - CMSIS Pack Vendor :STMicroelectronics MBEDTLS 2.14.1
2023-07-28 18:51:32,500 [INFO] ThirdParty:1030 - CMSIS Pack Vendor :STMicroelectronics X-CUBE-EEPRMA1 4.1.0
2023-07-28 18:51:32,500 [INFO] ThirdParty:1030 - CMSIS Pack Vendor :portGmbH I-Cube-SoM-uGOAL 1.1.0
2023-07-28 18:51:32,501 [INFO] ThirdParty:1030 - CMSIS Pack Vendor :STMicroelectronics X-CUBE-ALS 1.0.1
2023-07-28 18:51:32,501 [INFO] ThirdParty:1030 - CMSIS Pack Vendor :STMicroelectronics ThreadX 1.0.0
2023-07-28 18:51:32,501 [INFO] ThirdParty:1030 - CMSIS Pack Vendor :STMicroelectronics X-CUBE-AZRTOS-WB 1.1.0
2023-07-28 18:51:32,501 [INFO] ThirdParty:1030 - CMSIS Pack Vendor :STMicroelectronics X-CUBE-AZRTOS-WL 2.0.0
2023-07-28 18:51:32,501 [INFO] ThirdParty:1030 - CMSIS Pack Vendor :SEGGER I-CUBE-embOS 1.3.1
2023-07-28 18:51:32,501 [INFO] ThirdParty:1030 - CMSIS Pack Vendor :STMicroelectronics USB_DEVICE 1.0.0
2023-07-28 18:51:32,501 [INFO] ThirdParty:1030 - CMSIS Pack Vendor :STMicroelectronics X-CUBE-AZRTOS-L4 2.0.0
2023-07-28 18:51:32,501 [INFO] ThirdParty:1030 - CMSIS Pack Vendor :STMicroelectronics ThreadX 0.0.2
2023-07-28 18:51:32,501 [INFO] ThirdParty:1030 - CMSIS Pack Vendor :WES I-CUBE-Cesium 1.3.0
2023-07-28 18:51:32,501 [INFO] ThirdParty:1030 - CMSIS Pack Vendor :STMicroelectronics FP-ATR-ASTRA1 2.0.0
2023-07-28 18:51:32,501 [INFO] ThirdParty:1030 - CMSIS Pack Vendor :STMicroelectronics lwIP 2.1.2
2023-07-28 18:51:32,501 [INFO] ThirdParty:1030 - CMSIS Pack Vendor :STMicroelectronics X-CUBE-SFXS2LP1 4.0.0
2023-07-28 18:51:32,501 [INFO] ThirdParty:1030 - CMSIS Pack Vendor :STMicroelectronics X-CUBE-BLE2 3.3.0
2023-07-28 18:51:32,502 [INFO] ThirdParty:1030 - CMSIS Pack Vendor :STMicroelectronics PDM2PCM 3.2.0
2023-07-28 18:51:32,502 [INFO] ThirdParty:841 - exiting critical section [change project]
2023-07-28 18:51:32,713 [INFO] PinOutPanel:1499 - setPackage(No Configuration,No Configuration)
2023-07-28 18:51:32,714 [INFO] PinOutPanel:1499 - setPackage(STM32F429ZITx,LQFP144)
2023-07-28 18:51:32,969 [INFO] UtilMem:75 - Before build in PCC Used Memory: 636882200 Bytes (1073741824)
2023-07-28 18:51:33,325 [INFO] UtilMem:75 - After build in PCC Used Memory: 684068120 Bytes (1073741824)
2023-07-28 18:51:33,354 [INFO] IPUIPlugin:80 - create IPUIPlugin
2023-07-28 18:51:33,354 [INFO] IPUIPlugin:80 - create IPUIPlugin
2023-07-28 18:51:33,354 [INFO] IPUIPlugin:80 - create IPUIPlugin
2023-07-28 18:51:33,354 [INFO] IPUIPlugin:80 - create IPUIPlugin
2023-07-28 18:51:33,355 [INFO] IPUIPlugin:80 - create IPUIPlugin
2023-07-28 18:51:33,355 [INFO] IPUIPlugin:80 - create IPUIPlugin
2023-07-28 18:51:33,355 [INFO] IPUIPlugin:80 - create IPUIPlugin
2023-07-28 18:51:33,355 [INFO] IPUIPlugin:80 - create IPUIPlugin
2023-07-28 18:51:33,356 [INFO] IPUIPlugin:80 - create IPUIPlugin
2023-07-28 18:51:33,356 [INFO] IPUIPlugin:80 - create IPUIPlugin
2023-07-28 18:51:33,356 [INFO] IPUIPlugin:80 - create IPUIPlugin
2023-07-28 18:51:33,356 [INFO] IPUIPlugin:80 - create IPUIPlugin
2023-07-28 18:51:33,357 [INFO] IPUIPlugin:80 - create IPUIPlugin
2023-07-28 18:51:33,357 [INFO] IPUIPlugin:80 - create IPUIPlugin
2023-07-28 18:51:33,357 [INFO] IPUIPlugin:80 - create IPUIPlugin
2023-07-28 18:51:33,357 [INFO] IPUIPlugin:80 - create IPUIPlugin
2023-07-28 18:51:33,357 [INFO] IPUIPlugin:80 - create IPUIPlugin
2023-07-28 18:51:33,357 [INFO] IPUIPlugin:80 - create IPUIPlugin
2023-07-28 18:51:33,358 [INFO] IPUIPlugin:80 - create IPUIPlugin
2023-07-28 18:51:33,358 [INFO] IPUIPlugin:80 - create IPUIPlugin
2023-07-28 18:51:33,358 [INFO] IPUIPlugin:80 - create IPUIPlugin
2023-07-28 18:51:33,358 [INFO] IPUIPlugin:80 - create IPUIPlugin
2023-07-28 18:51:33,358 [INFO] IPUIPlugin:80 - create IPUIPlugin
2023-07-28 18:51:33,359 [INFO] IPUIPlugin:80 - create IPUIPlugin
2023-07-28 18:51:33,359 [INFO] IPUIPlugin:80 - create IPUIPlugin
2023-07-28 18:51:33,359 [INFO] IPUIPlugin:80 - create IPUIPlugin
2023-07-28 18:51:33,359 [INFO] IPUIPlugin:80 - create IPUIPlugin
2023-07-28 18:51:33,360 [INFO] IPUIPlugin:80 - create IPUIPlugin
2023-07-28 18:51:33,360 [INFO] IPUIPlugin:80 - create IPUIPlugin
2023-07-28 18:51:33,360 [INFO] IPUIPlugin:80 - create IPUIPlugin
2023-07-28 18:51:33,360 [INFO] IPUIPlugin:80 - create IPUIPlugin
2023-07-28 18:51:33,361 [INFO] IPUIPlugin:80 - create IPUIPlugin
2023-07-28 18:51:33,361 [INFO] IPUIPlugin:80 - create IPUIPlugin
2023-07-28 18:51:33,361 [INFO] IPUIPlugin:80 - create IPUIPlugin
2023-07-28 18:51:33,361 [INFO] IPUIPlugin:80 - create IPUIPlugin
2023-07-28 18:51:33,362 [INFO] IPUIPlugin:80 - create IPUIPlugin
2023-07-28 18:51:33,362 [INFO] IPUIPlugin:80 - create IPUIPlugin
2023-07-28 18:51:33,362 [INFO] IPUIPlugin:80 - create IPUIPlugin
2023-07-28 18:51:33,362 [INFO] IPUIPlugin:80 - create IPUIPlugin
2023-07-28 18:51:33,363 [INFO] IPUIPlugin:80 - create IPUIPlugin
2023-07-28 18:51:33,363 [INFO] IPUIPlugin:80 - create IPUIPlugin
2023-07-28 18:51:33,364 [INFO] IPUIPlugin:80 - create IPUIPlugin
2023-07-28 18:51:33,364 [INFO] IPUIPlugin:80 - create IPUIPlugin
2023-07-28 18:51:33,365 [INFO] IPUIPlugin:80 - create IPUIPlugin
2023-07-28 18:51:33,365 [INFO] IPUIPlugin:80 - create IPUIPlugin
2023-07-28 18:51:33,365 [INFO] IPUIPlugin:80 - create IPUIPlugin
2023-07-28 18:51:33,366 [INFO] IPUIPlugin:80 - create IPUIPlugin
2023-07-28 18:51:33,366 [INFO] IPUIPlugin:80 - create IPUIPlugin
2023-07-28 18:51:33,367 [INFO] IPUIPlugin:80 - create IPUIPlugin
2023-07-28 18:51:33,367 [INFO] IPUIPlugin:80 - create IPUIPlugin
2023-07-28 18:51:33,368 [INFO] IPUIPlugin:80 - create IPUIPlugin
2023-07-28 18:51:33,368 [INFO] IPUIPlugin:80 - create IPUIPlugin
2023-07-28 18:51:33,369 [INFO] IPUIPlugin:80 - create IPUIPlugin
2023-07-28 18:51:33,369 [INFO] IPUIPlugin:80 - create IPUIPlugin
2023-07-28 18:51:33,370 [INFO] IPUIPlugin:80 - create IPUIPlugin
2023-07-28 18:51:33,370 [INFO] IPUIPlugin:80 - create IPUIPlugin
2023-07-28 18:51:33,371 [INFO] IPUIPlugin:80 - create IPUIPlugin
2023-07-28 18:51:33,371 [INFO] IPUIPlugin:80 - create IPUIPlugin
2023-07-28 18:51:33,372 [INFO] IPUIPlugin:80 - create IPUIPlugin
2023-07-28 18:51:33,372 [INFO] IPUIPlugin:80 - create IPUIPlugin
2023-07-28 18:51:33,373 [INFO] IPUIPlugin:80 - create IPUIPlugin
2023-07-28 18:51:33,374 [INFO] IPUIPlugin:80 - create IPUIPlugin
2023-07-28 18:51:33,375 [INFO] IPUIPlugin:80 - create IPUIPlugin
2023-07-28 18:51:33,375 [INFO] IPUIPlugin:80 - create IPUIPlugin
2023-07-28 18:51:33,377 [INFO] IPUIPlugin:80 - create IPUIPlugin
2023-07-28 18:51:33,377 [INFO] IPUIPlugin:80 - create IPUIPlugin
2023-07-28 18:51:33,381 [INFO] ApiDbMcu:507 - Load IP Config File for PDM2PCM
2023-07-28 18:51:33,406 [INFO] CADModel:165 - CPN selected for project levelSTM32F429ZIT6
2023-07-28 18:51:33,407 [INFO] CADModel:114 - Register for checkConnection events
2023-07-28 18:51:33,471 [INFO] OpenFileManager:328 - Restore cursor
2023-07-28 18:52:36,460 [INFO] LogOutputStream:77 - [STDOUT_REDIRECT] StartTraceHandler.execute(), success : Collect=false
2023-07-28 18:52:38,954 [INFO] LogOutputStream:77 - [STDOUT_REDIRECT] StartTraceHandler.execute(), success : Collect=true
2023-07-28 19:01:47,886 [INFO] LogOutputStream:77 - [STDOUT_REDIRECT] StartTraceHandler.execute(), success : Collect=false
2023-07-28 19:01:50,702 [INFO] LogOutputStream:77 - [STDOUT_REDIRECT] StartTraceHandler.execute(), success : Collect=true
2023-07-28 19:02:45,401 [INFO] LogOutputStream:77 - [STDOUT_REDIRECT] StartTraceHandler.execute(), success : Collect=false
2023-07-28 19:03:17,069 [INFO] LogOutputStream:77 - [STDOUT_REDIRECT] StartTraceHandler.execute(), success : Collect=true
2023-07-28 19:09:53,383 [INFO] LogOutputStream:77 - [STDOUT_REDIRECT] StartTraceHandler.execute(), success : Collect=false
2023-07-28 19:10:06,748 [INFO] LogOutputStream:77 - [STDOUT_REDIRECT] StartTraceHandler.execute(), success : Collect=true
